n = 402   m = 1902
Do you want to input data from text file? (y/n) Which file do you want to open? 
file is not open
Do you want to save data to a text file? (y/n) 
Ordered Pair:
Source
(0.07 , 33.65) 

Layer 1
(0.07 , 45.4) (0.49 , 44.8) (0.63 , 44.75) (0.77 , 43) (0.98 , 42.3) (1.12 , 40.2) (1.19 , 34.95) (1.26 , 33.1) (1.33 , 31.45) (1.33 , 30.5) (1.4 , 26.25) (1.54 , 23.8) (1.61 , 10.3) (1.68 , 10) (1.96 , 6.7) (2.03 , 6.7) (2.52 , 6.2) (2.52 , 3.2) (2.66 , 0.55) (2.66 , 0.2) 

Layer 2
(2.73 , 49.55) (2.73 , 48.35) (2.94 , 44.45) (3.22 , 40.55) (3.36 , 40.5) (4.2 , 40.5) (4.27 , 29.05) (4.27 , 28.1) (4.27 , 22.7) (4.34 , 19.2) (4.41 , 18.85) (4.69 , 15.6) (5.6 , 14.25) (5.95 , 6.05) (6.23 , 5.05) (7 , 4.2) (7.14 , 3.2) (7.21 , 2.55) (7.28 , 2.35) (7.35 , 0.5) 

Layer 3
(7.56 , 49.8) (8.4 , 49.25) (8.61 , 47.85) (8.61 , 47.65) (8.75 , 45.3) (8.82 , 44.5) (8.89 , 39.55) (9.24 , 38.6) (9.31 , 35.1) (9.31 , 27) (9.45 , 19.75) (9.52 , 18.45) (9.73 , 14.8) (9.8 , 12.15) (9.87 , 11.95) (9.87 , 11.95) (9.87 , 6.35) (9.94 , 5.15) (10.15 , 2.75) (10.22 , 2.15) 

Layer 4
(11.27 , 47.4) (11.34 , 46.55) (11.41 , 45.2) (11.41 , 44.55) (12.04 , 41.15) (12.32 , 35.05) (12.39 , 34.3) (12.53 , 34.3) (12.67 , 28.8) (12.81 , 26.95) (13.02 , 24) (13.3 , 22.75) (13.65 , 22.3) (13.79 , 18.2) (14 , 14.05) (14.14 , 14) (14.28 , 7.2) (14.28 , 7.1) (14.35 , 5.85) (15.12 , 4.65) 

Layer 5
(15.33 , 48.95) (15.4 , 46.3) (15.68 , 42.85) (15.82 , 42.4) (15.96 , 42.25) (16.03 , 39.65) (16.1 , 37.9) (16.1 , 36.95) (16.17 , 36.4) (16.59 , 34.1) (16.59 , 30.8) (16.73 , 24.9) (17.08 , 22.4) (17.15 , 20.55) (17.22 , 15.15) (17.36 , 12.6) (17.57 , 10.25) (17.64 , 5.5) (18.13 , 3.85) (18.41 , 2.15) 

Layer 6
(18.55 , 45.55) (18.9 , 43.8) (18.97 , 38.75) (18.97 , 35.6) (19.18 , 34) (19.25 , 32.85) (19.39 , 29.75) (19.74 , 27.85) (20.09 , 25.8) (20.16 , 20.8) (20.23 , 17.9) (20.58 , 17.75) (20.79 , 13.2) (21.28 , 13.2) (21.49 , 8.8) (21.63 , 7.75) (21.77 , 7.4) (22.05 , 3.9) (22.26 , 3.35) (22.54 , 2.2) 

Layer 7
(22.61 , 49.5) (22.61 , 48.65) (22.82 , 46.35) (23.24 , 45.9) (23.24 , 42.4) (24.85 , 40.9) (24.85 , 39.85) (24.99 , 38.25) (25.06 , 37.05) (25.27 , 34.05) (25.41 , 31.9) (25.48 , 20.65) (25.69 , 20.5) (25.69 , 14.5) (26.32 , 14.25) (26.46 , 13.05) (26.6 , 11.35) (26.67 , 9.45) (26.67 , 7.55) (26.74 , 5.8) 

Layer 8
(26.81 , 48.45) (26.88 , 43.7) (27.02 , 43.2) (27.09 , 42.35) (27.16 , 40.85) (27.16 , 33.7) (27.58 , 32.85) (27.58 , 29.4) (27.86 , 26.3) (27.86 , 21.85) (27.86 , 19.65) (27.93 , 16.55) (28.14 , 16) (28.14 , 14.75) (28.21 , 13.3) (28.28 , 8.9) (28.35 , 6.5) (28.35 , 5.55) (28.49 , 2.9) (28.7 , 1.5) 

Layer 9
(28.98 , 48.75) (28.98 , 46.1) (29.19 , 44.6) (29.19 , 40.4) (29.19 , 37.8) (29.4 , 37.6) (29.54 , 37.6) (29.75 , 32.25) (29.96 , 31.45) (30.03 , 30.6) (30.03 , 29.1) (30.03 , 21.35) (30.52 , 17.65) (30.73 , 10.9) (30.8 , 8.3) (31.08 , 7.75) (31.43 , 7.25) (31.5 , 2.4) (31.71 , 1.65) (31.71 , 1.1) 

Layer 10
(31.92 , 48.7) (32.2 , 42.55) (32.2 , 42.2) (32.48 , 41.9) (32.55 , 40.95) (32.83 , 37.4) (33.04 , 37) (33.25 , 33.75) (33.32 , 33.5) (33.32 , 30.5) (33.39 , 29.9) (33.6 , 23.5) (33.74 , 23.35) (33.95 , 22.65) (34.02 , 21.55) (34.02 , 18.45) (34.16 , 17.55) (34.16 , 8.25) (34.23 , 7) (34.44 , 4.95) 

Layer 11
(34.79 , 47.45) (34.79 , 45.6) (35.14 , 42.4) (35.35 , 41.6) (35.42 , 37) (35.49 , 29.35) (36.33 , 28.1) (36.75 , 21.6) (36.82 , 19.75) (36.89 , 17.75) (37.1 , 14.4) (37.1 , 11.65) (37.24 , 10.55) (37.38 , 10.35) (37.59 , 9.75) (38.01 , 8.85) (38.08 , 5.75) (38.15 , 4.45) (38.15 , 3.8) (38.29 , 0.75) 

Layer 12
(38.29 , 47.65) (38.36 , 47) (38.71 , 39) (38.85 , 37.6) (38.99 , 33.95) (39.69 , 33) (39.69 , 31.05) (39.83 , 27.3) (39.97 , 24.95) (40.04 , 22.55) (40.25 , 20.05) (40.32 , 20) (40.53 , 14.4) (40.6 , 13.95) (42 , 12.55) (42 , 12.4) (42.07 , 9.3) (42.14 , 7.5) (42.21 , 5.4) (42.35 , 2.45) 

Layer 13
(42.49 , 48.2) (42.49 , 41.8) (42.56 , 40.65) (42.84 , 37.2) (43.12 , 32.8) (43.12 , 29.15) (43.54 , 25.45) (43.75 , 23.4) (44.52 , 22) (45.15 , 21.8) (45.22 , 20.65) (45.29 , 20.65) (45.36 , 20.6) (45.5 , 17.55) (45.57 , 9.85) (45.78 , 6.75) (45.85 , 5.35) (45.85 , 5) (46.06 , 1.6) (46.06 , 1.25) 

Layer 14
(46.06 , 49.95) (46.27 , 47.35) (46.27 , 47.2) (46.34 , 42.25) (46.34 , 40.6) (46.69 , 34.8) (46.76 , 31.4) (47.25 , 28.4) (47.67 , 28.3) (47.67 , 28.15) (47.88 , 27.6) (48.37 , 25.15) (48.93 , 23.05) (49.49 , 22.2) (49.56 , 13.05) (49.63 , 11.85) (49.98 , 11.35) (50.19 , 7.05) (50.26 , 5.4) (50.26 , 5) 

Layer 15
(50.47 , 49.8) (50.89 , 44.45) (50.89 , 44) (50.96 , 42.85) (51.1 , 42.4) (51.52 , 38.85) (51.52 , 36.8) (51.59 , 32.2) (51.73 , 30.8) (51.94 , 28.6) (52.01 , 23.55) (52.08 , 21.75) (52.08 , 19.7) (52.22 , 17.05) (52.64 , 13.5) (52.71 , 9.85) (52.85 , 7.7) (53.27 , 7.7) (53.41 , 1.85) (53.48 , 0.6) 

Layer 16
(53.83 , 44.65) (53.97 , 34.35) (54.11 , 33.1) (54.81 , 30.3) (55.86 , 29.8) (55.93 , 27.55) (56 , 27) (56.07 , 26.4) (56.35 , 26.3) (56.63 , 24.95) (56.63 , 19.9) (56.77 , 18.15) (56.77 , 16.4) (56.91 , 16.15) (57.26 , 13.55) (57.4 , 13.1) (57.4 , 7.55) (57.54 , 4.5) (57.54 , 1.65) (57.96 , 1.45) 

Layer 17
(58.1 , 39.1) (58.17 , 38.8) (58.24 , 36.05) (58.38 , 35.4) (58.45 , 34.2) (58.66 , 33.75) (58.66 , 33.2) (58.94 , 27.9) (59.01 , 23.25) (59.08 , 23.05) (59.29 , 17.85) (59.43 , 15.1) (59.57 , 10.85) (59.64 , 9.3) (59.64 , 9) (60.06 , 8.8) (60.55 , 8.6) (60.69 , 8.5) (60.9 , 7.9) (61.18 , 5.75) 

Layer 18
(61.32 , 48.95) (61.67 , 47.85) (61.95 , 47.55) (62.02 , 47.4) (62.16 , 47.3) (62.23 , 47.15) (62.23 , 41.9) (62.79 , 41.85) (62.79 , 38.4) (63.21 , 33.9) (63.21 , 32.85) (63.21 , 29.45) (63.35 , 27.6) (63.49 , 22.45) (63.84 , 21.6) (63.98 , 20.35) (64.05 , 13.9) (64.19 , 13.2) (64.26 , 11.2) (64.33 , 7.3) 

Layer 19
(64.61 , 48.75) (64.75 , 47.25) (64.96 , 46.15) (65.24 , 44.15) (65.45 , 41.2) (65.66 , 39.7) (65.66 , 36.35) (65.87 , 34.65) (66.01 , 29) (66.15 , 27.2) (66.43 , 26.3) (66.5 , 25.85) (66.57 , 23.25) (66.57 , 23.15) (66.64 , 20.1) (66.99 , 13.8) (66.99 , 12.1) (67.2 , 4.4) (67.69 , 2.8) (67.83 , 0.95) 

Layer 20
(67.83 , 46.65) (67.9 , 45.3) (67.97 , 44.85) (68.11 , 44.1) (68.25 , 42.05) (68.39 , 41.35) (68.53 , 39.55) (69.02 , 38.3) (69.09 , 33.25) (69.16 , 33.05) (69.16 , 27.55) (69.23 , 25.6) (69.23 , 22.95) (69.3 , 19.6) (69.3 , 17.8) (69.37 , 17.15) (69.37 , 7.25) (69.51 , 6.15) (69.58 , 4.3) (69.86 , 2.1) 

Sink
(69.86 , 6.2) 
Error in numbering!1902  1900
Version identifier: 12.10.0.0 | 2019-11-26 | 843d4de
Tried aggregator 1 time.
LP Presolve eliminated 1 rows and 3 columns.
Reduced LP has 402 rows, 1900 columns, and 3800 nonzeros.
Presolve time = 0.00 sec. (1.35 ticks)
Initializing dual steep norms . . .

Iteration log . . .
Iteration:     1   Dual objective     =             1.664507
Iteration:    62   Dual objective     =            34.995351
Iteration:   124   Dual objective     =            51.427297
Iteration:   186   Dual objective     =            66.343246
Iteration:   248   Dual objective     =            76.378407
Iteration:   310   Dual objective     =            86.376164
The objective value (MAIN) = 96.9733

Version identifier: 12.10.0.0 | 2019-11-26 | 843d4de
CPXPARAM_Threads                                 4
CPXPARAM_TimeLimit                               600
Found incumbent of value 578.948594 after 0.00 sec. (0.06 ticks)
Tried aggregator 1 time.
MIP Presolve eliminated 676 rows and 399 columns.
MIP Presolve modified 661 coefficients.
Reduced MIP has 762 rows, 151 columns, and 2540 nonzeros.
Reduced MIP has 151 binaries, 0 generals, 0 SOSs, and 0 indicators.
Presolve time = 0.01 sec. (4.56 ticks)
Probing time = 0.00 sec. (0.29 ticks)
Tried aggregator 1 time.
Detecting symmetries...
MIP Presolve eliminated 306 rows and 0 columns.
MIP Presolve modified 5 coefficients.
Reduced MIP has 456 rows, 151 columns, and 1597 nonzeros.
Reduced MIP has 151 binaries, 0 generals, 0 SOSs, and 0 indicators.
Presolve time = 0.01 sec. (2.15 ticks)
Probing time = 0.00 sec. (0.24 ticks)
Clique table members: 456.
MIP emphasis: balance optimality and feasibility.
MIP search method: dynamic search.
Parallel mode: deterministic, using up to 4 threads.
Root relaxation solution time = 0.00 sec. (0.66 ticks)

        Nodes                                         Cuts/
   Node  Left     Objective  IInf  Best Integer    Best Bound    ItCnt     Gap

*     0+    0                          578.9486     3315.7387           472.72%
*     0+    0                          719.1955     3315.7387           361.03%
*     0     0      integral     0      763.6400      763.6400       18    0.00%
Elapsed time = 0.03 sec. (8.88 ticks, tree = 0.00 MB, solutions = 2)

Root node processing (before b&c):
  Real time             =    0.03 sec. (8.91 ticks)
Parallel b&c, 4 threads:
  Real time             =    0.00 sec. (0.00 ticks)
  Sync time (average)   =    0.00 sec.
  Wait time (average)   =    0.00 sec.
                          ------------
Total (root+branch&cut) =    0.03 sec. (8.91 ticks)
The objective value (MIP) = 763.64  Optimal
Alpha1_0: -6.9905, Alpha2_0: 25.1175
Alpha1_1: 53.6154, Alpha2_1: 5.6925
Alpha1_2: 22.8378, Alpha2_2: 12.9
Elaspsed Time: 0.102129sec.
Version identifier: 12.10.0.0 | 2019-11-26 | 843d4de

Iteration log . . .
Iteration:     1   Dual objective     =            98.977028
Iteration:    64   Dual objective     =           110.529866
Iteration:   126   Dual objective     =           126.166478
Iteration:   188   Dual objective     =           145.138711
Iteration:   254   Dual objective     =           178.463346
Iteration:   323   Dual objective     =           238.837019
Iteration:   393   Dual objective     =           399.223336
The objective value (MAIN) = 409.471

Version identifier: 12.10.0.0 | 2019-11-26 | 843d4de
CPXPARAM_Threads                                 4
CPXPARAM_TimeLimit                               600
Found incumbent of value 590.211797 after 0.00 sec. (0.04 ticks)
Tried aggregator 1 time.
MIP Presolve eliminated 213 rows and 382 columns.
MIP Presolve modified 263 coefficients.
Reduced MIP has 337 rows, 80 columns, and 862 nonzeros.
Reduced MIP has 80 binaries, 0 generals, 0 SOSs, and 0 indicators.
Presolve time = 0.00 sec. (1.62 ticks)
Probing time = 0.00 sec. (0.10 ticks)
Tried aggregator 1 time.
Detecting symmetries...
MIP Presolve eliminated 155 rows and 0 columns.
MIP Presolve modified 4 coefficients.
Reduced MIP has 182 rows, 80 columns, and 509 nonzeros.
Reduced MIP has 80 binaries, 0 generals, 0 SOSs, and 0 indicators.
Presolve time = 0.00 sec. (0.55 ticks)
Probing time = 0.00 sec. (0.08 ticks)
Clique table members: 182.
MIP emphasis: balance optimality and feasibility.
MIP search method: dynamic search.
Parallel mode: deterministic, using up to 4 threads.
Root relaxation solution time = 0.00 sec. (0.19 ticks)

        Nodes                                         Cuts/
   Node  Left     Objective  IInf  Best Integer    Best Bound    ItCnt     Gap

*     0+    0                          590.2118     2086.5081           253.52%
*     0+    0                          687.9896     2086.5081           203.28%
      0     0        cutoff            687.9896      687.9896       17    0.00%
      0     0        cutoff            687.9896      687.9896       17    0.00%
Elapsed time = 0.02 sec. (2.97 ticks, tree = 0.01 MB, solutions = 1)

Root node processing (before b&c):
  Real time             =    0.02 sec. (2.98 ticks)
Parallel b&c, 4 threads:
  Real time             =    0.00 sec. (0.00 ticks)
  Sync time (average)   =    0.00 sec.
  Wait time (average)   =    0.00 sec.
                          ------------
Total (root+branch&cut) =    0.02 sec. (2.98 ticks)
The objective value (MIP) = 687.99  Optimal
Alpha1_0: 39.687, Alpha2_0: 47.4
Alpha1_1: 51.9779, Alpha2_1: 43.075
Alpha1_2: 4.00778, Alpha2_2: 44.575
Elaspsed Time: 0.138895sec.
Version identifier: 12.10.0.0 | 2019-11-26 | 843d4de

Iteration log . . .
Iteration:     1   Dual objective     =           410.021821
Iteration:    67   Dual objective     =           440.672477
Iteration:   129   Dual objective     =           472.137238
Iteration:   194   Dual objective     =           494.121329
The objective value (MAIN) = 495.596

Version identifier: 12.10.0.0 | 2019-11-26 | 843d4de
CPXPARAM_Threads                                 4
CPXPARAM_TimeLimit                               600
Found incumbent of value 443.227186 after 0.00 sec. (0.22 ticks)
Tried aggregator 1 time.
MIP Presolve eliminated 4154 rows and 591 columns.
MIP Presolve modified 2967 coefficients.
Reduced MIP has 3009 rows, 333 columns, and 14613 nonzeros.
Reduced MIP has 333 binaries, 0 generals, 0 SOSs, and 0 indicators.
Presolve time = 0.08 sec. (49.71 ticks)
Probing time = 0.01 sec. (0.43 ticks)
Tried aggregator 1 time.
Detecting symmetries...
MIP Presolve eliminated 746 rows and 0 columns.
MIP Presolve modified 18 coefficients.
Reduced MIP has 2263 rows, 333 columns, and 11603 nonzeros.
Reduced MIP has 333 binaries, 0 generals, 0 SOSs, and 0 indicators.
Presolve time = 0.04 sec. (27.91 ticks)
Probing time = 0.00 sec. (0.48 ticks)
Clique table members: 2263.
MIP emphasis: balance optimality and feasibility.
MIP search method: dynamic search.
Parallel mode: deterministic, using up to 4 threads.
Root relaxation solution time = 0.15 sec. (65.80 ticks)

        Nodes                                         Cuts/
   Node  Left     Objective  IInf  Best Integer    Best Bound    ItCnt     Gap

*     0+    0                          443.2272     3383.0697           663.28%
*     0+    0                          579.3991     3383.0697           483.89%
      0     0      644.7637   154      579.3991      644.7637     1182   11.28%
*     0+    0                          641.5280      644.7637             0.50%
      0     0        cutoff            641.5280      641.5470     1272    0.00%
Elapsed time = 0.63 sec. (320.10 ticks, tree = 0.01 MB, solutions = 3)

Clique cuts applied:  122
Zero-half cuts applied:  64
Lift and project cuts applied:  3
Gomory fractional cuts applied:  4

Root node processing (before b&c):
  Real time             =    0.63 sec. (320.19 ticks)
Parallel b&c, 4 threads:
  Real time             =    0.00 sec. (0.00 ticks)
  Sync time (average)   =    0.00 sec.
  Wait time (average)   =    0.00 sec.
                          ------------
Total (root+branch&cut) =    0.63 sec. (320.19 ticks)
The objective value (MIP) = 641.528  Optimal
Alpha1_0: 28.4545, Alpha2_0: 5.6275
Alpha1_1: 49.4579, Alpha2_1: 45.725
Alpha1_2: 7.29778, Alpha2_2: 44.675
Elaspsed Time: 0.793988sec.
Version identifier: 12.10.0.0 | 2019-11-26 | 843d4de

Iteration log . . .
Iteration:     1   Dual objective     =           495.738665
Iteration:    62   Dual objective     =           502.075577
The objective value (MAIN) = 503.43

Version identifier: 12.10.0.0 | 2019-11-26 | 843d4de
CPXPARAM_Threads                                 4
CPXPARAM_TimeLimit                               600
Found incumbent of value 576.332086 after 0.00 sec. (0.16 ticks)
Tried aggregator 1 time.
MIP Presolve eliminated 1776 rows and 866 columns.
MIP Presolve modified 1992 coefficients.
Reduced MIP has 2297 rows, 256 columns, and 7634 nonzeros.
Reduced MIP has 256 binaries, 0 generals, 0 SOSs, and 0 indicators.
Presolve time = 0.03 sec. (21.20 ticks)
Probing time = 0.00 sec. (0.83 ticks)
Tried aggregator 1 time.
Detecting symmetries...
MIP Presolve eliminated 739 rows and 0 columns.
MIP Presolve modified 107 coefficients.
Reduced MIP has 1558 rows, 256 columns, and 5714 nonzeros.
Reduced MIP has 256 binaries, 0 generals, 0 SOSs, and 0 indicators.
Presolve time = 0.02 sec. (13.56 ticks)
Probing time = 0.00 sec. (0.71 ticks)
Clique table members: 1558.
MIP emphasis: balance optimality and feasibility.
MIP search method: dynamic search.
Parallel mode: deterministic, using up to 4 threads.
Root relaxation solution time = 0.05 sec. (20.73 ticks)

        Nodes                                         Cuts/
   Node  Left     Objective  IInf  Best Integer    Best Bound    ItCnt     Gap

*     0+    0                          576.3321     2565.4222           345.13%
      0     0      683.3988   133      576.3321      683.3988      439   18.58%
*     0+    0                          592.3410      683.3988            15.37%
*     0+    0                          681.3226      683.3988             0.30%
      0     0        cutoff            681.3226      681.3226      609    0.00%
Elapsed time = 0.25 sec. (127.65 ticks, tree = 0.01 MB, solutions = 2)

Clique cuts applied:  33
Zero-half cuts applied:  48
Lift and project cuts applied:  2
Gomory fractional cuts applied:  1

Root node processing (before b&c):
  Real time             =    0.25 sec. (127.72 ticks)
Parallel b&c, 4 threads:
  Real time             =    0.00 sec. (0.00 ticks)
  Sync time (average)   =    0.00 sec.
  Wait time (average)   =    0.00 sec.
                          ------------
Total (root+branch&cut) =    0.25 sec. (127.72 ticks)
The objective value (MIP) = 681.323  Optimal
Alpha1_0: 26.4245, Alpha2_0: 27.3475
Alpha1_1: 59.0704, Alpha2_1: 18.7325
Alpha1_2: -0.652222, Alpha2_2: 20.62
Elaspsed Time: 1.0593sec.
Version identifier: 12.10.0.0 | 2019-11-26 | 843d4de

Iteration log . . .
Iteration:     1   Dual objective     =           505.013565
Iteration:    71   Dual objective     =           527.530069
Iteration:   144   Dual objective     =           545.964514
The objective value (MAIN) = 547.786

Version identifier: 12.10.0.0 | 2019-11-26 | 843d4de
CPXPARAM_Threads                                 4
CPXPARAM_TimeLimit                               600
Found incumbent of value 497.716279 after 0.00 sec. (0.24 ticks)
Tried aggregator 1 time.
MIP Presolve eliminated 4290 rows and 780 columns.
MIP Presolve modified 3105 coefficients.
Reduced MIP has 3181 rows, 320 columns, and 14403 nonzeros.
Reduced MIP has 320 binaries, 0 generals, 0 SOSs, and 0 indicators.
Presolve time = 0.11 sec. (50.80 ticks)
Probing time = 0.00 sec. (0.43 ticks)
Tried aggregator 1 time.
Detecting symmetries...
MIP Presolve eliminated 738 rows and 0 columns.
MIP Presolve modified 86 coefficients.
Reduced MIP has 2443 rows, 320 columns, and 11751 nonzeros.
Reduced MIP has 320 binaries, 0 generals, 0 SOSs, and 0 indicators.
Presolve time = 0.04 sec. (29.89 ticks)
Probing time = 0.00 sec. (0.50 ticks)
Clique table members: 2443.
MIP emphasis: balance optimality and feasibility.
MIP search method: dynamic search.
Parallel mode: deterministic, using up to 4 threads.
Root relaxation solution time = 0.10 sec. (102.39 ticks)

        Nodes                                         Cuts/
   Node  Left     Objective  IInf  Best Integer    Best Bound    ItCnt     Gap

*     0+    0                          497.7163     2946.5826           492.02%
*     0+    0                          604.9996     2946.5826           387.04%
      0     0      630.3200   182      604.9996      630.3200     1743    4.19%
*     0+    0                          626.5450      630.3200             0.60%
      0     0        cutoff            626.5450      626.5450     2075    0.00%
Elapsed time = 0.73 sec. (434.73 ticks, tree = 0.01 MB, solutions = 3)

Clique cuts applied:  96
Zero-half cuts applied:  58
Lift and project cuts applied:  2
Gomory fractional cuts applied:  1

Root node processing (before b&c):
  Real time             =    0.73 sec. (434.84 ticks)
Parallel b&c, 4 threads:
  Real time             =    0.00 sec. (0.00 ticks)
  Sync time (average)   =    0.00 sec.
  Wait time (average)   =    0.00 sec.
                          ------------
Total (root+branch&cut) =    0.73 sec. (434.84 ticks)
The objective value (MIP) = 626.545  Optimal
Alpha1_0: 21.032, Alpha2_0: 34.875
Alpha1_1: 55.3843, Alpha2_1: 7.96643
Alpha1_2: 26.9678, Alpha2_2: 5.65
Elaspsed Time: 1.81538sec.
Version identifier: 12.10.0.0 | 2019-11-26 | 843d4de

Iteration log . . .
Iteration:     1   Dual objective     =           548.274570
Iteration:    65   Dual objective     =           562.664705
Iteration:   129   Dual objective     =           566.696580
The objective value (MAIN) = 567.081

Version identifier: 12.10.0.0 | 2019-11-26 | 843d4de
CPXPARAM_Threads                                 4
CPXPARAM_TimeLimit                               600
Found incumbent of value 514.922858 after 0.00 sec. (0.37 ticks)
Tried aggregator 1 time.
MIP Presolve eliminated 6728 rows and 1071 columns.
MIP Presolve modified 5290 coefficients.
Reduced MIP has 5402 rows, 425 columns, and 25299 nonzeros.
Reduced MIP has 425 binaries, 0 generals, 0 SOSs, and 0 indicators.
Presolve time = 0.16 sec. (114.37 ticks)
Probing time = 0.00 sec. (0.73 ticks)
Tried aggregator 1 time.
Detecting symmetries...
MIP Presolve eliminated 1006 rows and 0 columns.
MIP Presolve modified 163 coefficients.
Reduced MIP has 4396 rows, 425 columns, and 21780 nonzeros.
Reduced MIP has 425 binaries, 0 generals, 0 SOSs, and 0 indicators.
Presolve time = 0.05 sec. (70.85 ticks)
Probing time = 0.01 sec. (0.86 ticks)
Clique table members: 4396.
MIP emphasis: balance optimality and feasibility.
MIP search method: dynamic search.
Parallel mode: deterministic, using up to 4 threads.
Root relaxation solution time = 0.36 sec. (169.59 ticks)

        Nodes                                         Cuts/
   Node  Left     Objective  IInf  Best Integer    Best Bound    ItCnt     Gap

*     0+    0                          514.9229     3012.9309           485.12%
*     0+    0                          591.5625     3012.9309           409.32%
      0     0      652.6775   254      591.5625      652.6775       34   10.33%
*     0+    0                          636.2142      652.6775             2.59%
*     0+    0                          650.4649      652.6775             0.34%
      0     0        cutoff            650.4649      650.4649     1036    0.00%
Elapsed time = 1.42 sec. (1130.18 ticks, tree = 0.01 MB, solutions = 4)

Clique cuts applied:  82
Zero-half cuts applied:  107
Lift and project cuts applied:  3
Gomory fractional cuts applied:  1

Root node processing (before b&c):
  Real time             =    1.42 sec. (1130.36 ticks)
Parallel b&c, 4 threads:
  Real time             =    0.00 sec. (0.00 ticks)
  Sync time (average)   =    0.00 sec.
  Wait time (average)   =    0.00 sec.
                          ------------
Total (root+branch&cut) =    1.42 sec. (1130.36 ticks)
The objective value (MIP) = 650.465  Optimal
Alpha1_0: 45.602, Alpha2_0: 30.3
Alpha1_1: 14.6779, Alpha2_1: 40.595
Alpha1_2: 14.7728, Alpha2_2: 9.045
Elaspsed Time: 3.26652sec.
Version identifier: 12.10.0.0 | 2019-11-26 | 843d4de

Iteration log . . .
Iteration:     1   Dual objective     =           567.936580
The objective value (MAIN) = 569.103

Version identifier: 12.10.0.0 | 2019-11-26 | 843d4de
CPXPARAM_Threads                                 4
CPXPARAM_TimeLimit                               600
Found incumbent of value 488.821096 after 0.00 sec. (0.41 ticks)
Tried aggregator 1 time.
MIP Presolve eliminated 7492 rows and 1068 columns.
MIP Presolve modified 5759 coefficients.
Reduced MIP has 5907 rows, 450 columns, and 27457 nonzeros.
Reduced MIP has 450 binaries, 0 generals, 0 SOSs, and 0 indicators.
Presolve time = 0.11 sec. (119.75 ticks)
Probing time = 0.01 sec. (0.81 ticks)
Tried aggregator 1 time.
Detecting symmetries...
MIP Presolve eliminated 1094 rows and 0 columns.
MIP Presolve modified 98 coefficients.
Reduced MIP has 4813 rows, 450 columns, and 23454 nonzeros.
Reduced MIP has 450 binaries, 0 generals, 0 SOSs, and 0 indicators.
Presolve time = 0.05 sec. (69.69 ticks)
Probing time = 0.01 sec. (0.94 ticks)
Clique table members: 4813.
MIP emphasis: balance optimality and feasibility.
MIP search method: dynamic search.
Parallel mode: deterministic, using up to 4 threads.
Root relaxation solution time = 0.37 sec. (184.88 ticks)

        Nodes                                         Cuts/
   Node  Left     Objective  IInf  Best Integer    Best Bound    ItCnt     Gap

*     0+    0                          488.8211     2997.6066           513.23%
*     0+    0                          601.0600     2997.6066           398.72%
      0     0      642.1515   256      601.0600      642.1515       37    6.84%
*     0+    0                          613.1425      642.1515             4.73%
*     0+    0                          636.5694      642.1515             0.88%
      0     0        cutoff            636.5694      636.5694     1191    0.00%
Elapsed time = 1.35 sec. (1135.11 ticks, tree = 0.01 MB, solutions = 4)

Clique cuts applied:  250
Zero-half cuts applied:  153
Lift and project cuts applied:  1
Gomory fractional cuts applied:  1

Root node processing (before b&c):
  Real time             =    1.35 sec. (1135.31 ticks)
Parallel b&c, 4 threads:
  Real time             =    0.00 sec. (0.00 ticks)
  Sync time (average)   =    0.00 sec.
  Wait time (average)   =    0.00 sec.
                          ------------
Total (root+branch&cut) =    1.35 sec. (1135.31 ticks)
The objective value (MIP) = 636.569  Optimal
Alpha1_0: 49.0445, Alpha2_0: 13.0175
Alpha1_1: 19.9179, Alpha2_1: 44.7
Alpha1_2: 12.9078, Alpha2_2: 16.29
Elaspsed Time: 4.63803sec.
Version identifier: 12.10.0.0 | 2019-11-26 | 843d4de

Iteration log . . .
Iteration:     1   Dual objective     =           569.354678
The objective value (MAIN) = 572.499

Version identifier: 12.10.0.0 | 2019-11-26 | 843d4de
CPXPARAM_Threads                                 4
CPXPARAM_TimeLimit                               600
Found incumbent of value 485.510045 after 0.00 sec. (0.50 ticks)
Tried aggregator 1 time.
MIP Presolve eliminated 9810 rows and 1002 columns.
MIP Presolve modified 7062 coefficients.
Reduced MIP has 7163 rows, 516 columns, and 35428 nonzeros.
Reduced MIP has 516 binaries, 0 generals, 0 SOSs, and 0 indicators.
Presolve time = 0.15 sec. (165.24 ticks)
Probing time = 0.01 sec. (1.00 ticks)
Tried aggregator 1 time.
Detecting symmetries...
MIP Presolve eliminated 1476 rows and 0 columns.
MIP Presolve modified 40 coefficients.
Reduced MIP has 5687 rows, 516 columns, and 29512 nonzeros.
Reduced MIP has 516 binaries, 0 generals, 0 SOSs, and 0 indicators.
Presolve time = 0.07 sec. (88.84 ticks)
Probing time = 0.01 sec. (1.14 ticks)
Clique table members: 5687.
MIP emphasis: balance optimality and feasibility.
MIP search method: dynamic search.
Parallel mode: deterministic, using up to 4 threads.
Root relaxation solution time = 0.44 sec. (208.24 ticks)

        Nodes                                         Cuts/
   Node  Left     Objective  IInf  Best Integer    Best Bound    ItCnt     Gap

*     0+    0                          485.5100     3192.9083           557.64%
*     0+    0                          602.5173     3192.9083           429.93%
      0     0      636.2401   280      602.5173      636.2401       33    5.60%
*     0+    0                          632.4156      636.2401             0.60%
      0     0        cutoff            632.4156      632.4156      794    0.00%
Elapsed time = 1.72 sec. (1438.36 ticks, tree = 0.01 MB, solutions = 3)

Clique cuts applied:  187
Zero-half cuts applied:  92
Lift and project cuts applied:  4
Gomory fractional cuts applied:  1

Root node processing (before b&c):
  Real time             =    1.72 sec. (1438.56 ticks)
Parallel b&c, 4 threads:
  Real time             =    0.00 sec. (0.00 ticks)
  Sync time (average)   =    0.00 sec.
  Wait time (average)   =    0.00 sec.
                          ------------
Total (root+branch&cut) =    1.72 sec. (1438.56 ticks)
The objective value (MIP) = 632.416  Optimal
Alpha1_0: 20.758, Alpha2_0: 19.176
Alpha1_1: 54.8804, Alpha2_1: 12.0225
Alpha1_2: 55.6328, Alpha2_2: 45.075
Elaspsed Time: 6.37644sec.
Version identifier: 12.10.0.0 | 2019-11-26 | 843d4de

Iteration log . . .
Iteration:     1   Dual objective     =           572.526972
Iteration:    66   Dual objective     =           575.096998
The objective value (MAIN) = 576.197

Version identifier: 12.10.0.0 | 2019-11-26 | 843d4de
CPXPARAM_Threads                                 4
CPXPARAM_TimeLimit                               600
Found incumbent of value 470.534733 after 0.00 sec. (0.78 ticks)
Tried aggregator 1 time.
MIP Presolve eliminated 15698 rows and 1344 columns.
MIP Presolve modified 11589 coefficients.
Reduced MIP has 11720 rows, 680 columns, and 60563 nonzeros.
Reduced MIP has 680 binaries, 0 generals, 0 SOSs, and 0 indicators.
Presolve time = 0.33 sec. (369.97 ticks)
Probing time = 0.01 sec. (1.67 ticks)
Tried aggregator 1 time.
Detecting symmetries...
MIP Presolve eliminated 597 rows and 0 columns.
MIP Presolve modified 1265 coefficients.
Reduced MIP has 11082 rows, 680 columns, and 59452 nonzeros.
Reduced MIP has 680 binaries, 0 generals, 0 SOSs, and 0 indicators.
Presolve time = 0.16 sec. (182.32 ticks)
Probing time = 0.01 sec. (1.99 ticks)
Clique table members: 11082.
MIP emphasis: balance optimality and feasibility.
MIP search method: dynamic search.
Parallel mode: deterministic, using up to 4 threads.
Root relaxation solution time = 0.52 sec. (350.83 ticks)

        Nodes                                         Cuts/
   Node  Left     Objective  IInf  Best Integer    Best Bound    ItCnt     Gap

*     0+    0                          470.5347     3215.5235           583.38%
*     0+    0                          570.8850     3215.5235           463.25%
      0     0      640.1273   381      570.8850      640.1273       39   12.13%
*     0+    0                          597.1577      640.1273             7.20%
*     0+    0                          635.3919      640.1273             0.75%
      0     0        cutoff            635.3919                   1837     --- 
Elapsed time = 3.64 sec. (3859.78 ticks, tree = 0.01 MB, solutions = 4)

Clique cuts applied:  263
Zero-half cuts applied:  177
Lift and project cuts applied:  2
Gomory fractional cuts applied:  1

Root node processing (before b&c):
  Real time             =    3.64 sec. (3860.15 ticks)
Parallel b&c, 4 threads:
  Real time             =    0.00 sec. (0.00 ticks)
  Sync time (average)   =    0.00 sec.
  Wait time (average)   =    0.00 sec.
                          ------------
Total (root+branch&cut) =    3.64 sec. (3860.15 ticks)
The objective value (MIP) = 635.392  Optimal
Alpha1_0: 15.7205, Alpha2_0: 38.0465
Alpha1_1: 55.8379, Alpha2_1: 39.215
Alpha1_2: 58.1828, Alpha2_2: 6.465
Elaspsed Time: 10.0536sec.
Version identifier: 12.10.0.0 | 2019-11-26 | 843d4de

Iteration log . . .
Iteration:     1   Dual objective     =           576.242841
Iteration:    63   Dual objective     =           577.764182
The objective value (MAIN) = 577.814

Version identifier: 12.10.0.0 | 2019-11-26 | 843d4de
CPXPARAM_Threads                                 4
CPXPARAM_TimeLimit                               600
Found incumbent of value 470.580733 after 0.00 sec. (0.88 ticks)
Tried aggregator 1 time.
MIP Presolve eliminated 17346 rows and 1521 columns.
MIP Presolve modified 13314 coefficients.
Reduced MIP has 13477 rows, 723 columns, and 70097 nonzeros.
Reduced MIP has 723 binaries, 0 generals, 0 SOSs, and 0 indicators.
Presolve time = 0.42 sec. (508.03 ticks)
Probing time = 0.01 sec. (1.94 ticks)
Tried aggregator 1 time.
Detecting symmetries...
MIP Presolve eliminated 448 rows and 0 columns.
MIP Presolve modified 1169 coefficients.
Reduced MIP has 12953 rows, 723 columns, and 68909 nonzeros.
Reduced MIP has 723 binaries, 0 generals, 0 SOSs, and 0 indicators.
Presolve time = 0.14 sec. (181.90 ticks)
Probing time = 0.01 sec. (2.04 ticks)
Clique table members: 12953.
MIP emphasis: balance optimality and feasibility.
MIP search method: dynamic search.
Parallel mode: deterministic, using up to 4 threads.
Root relaxation solution time = 0.86 sec. (436.57 ticks)

        Nodes                                         Cuts/
   Node  Left     Objective  IInf  Best Integer    Best Bound    ItCnt     Gap

*     0+    0                          470.5807     3180.6278           575.89%
*     0+    0                          561.7456     3180.6278           466.20%
      0     0      634.5153   415      561.7456      634.5153       48   12.95%
*     0+    0                          623.7513      634.5153             1.73%
      0     0      624.5938   415      623.7513     Cuts: 563     5677    0.14%
      0     0        cutoff            623.7513                   6123     --- 
Elapsed time = 7.24 sec. (8098.42 ticks, tree = 0.01 MB, solutions = 3)

Clique cuts applied:  194
Zero-half cuts applied:  44
Lift and project cuts applied:  2
Gomory fractional cuts applied:  1

Root node processing (before b&c):
  Real time             =    7.24 sec. (8098.75 ticks)
Parallel b&c, 4 threads:
  Real time             =    0.00 sec. (0.00 ticks)
  Sync time (average)   =    0.00 sec.
  Wait time (average)   =    0.00 sec.
                          ------------
Total (root+branch&cut) =    7.24 sec. (8098.75 ticks)
The objective value (MIP) = 623.751  Optimal
Alpha1_0: 53.942, Alpha2_0: 17.915
Alpha1_1: 12.1018, Alpha2_1: 25.3589
Alpha1_2: 23.0128, Alpha2_2: 3.875
Elaspsed Time: 17.3204sec.
Version identifier: 12.10.0.0 | 2019-11-26 | 843d4de

Iteration log . . .
Iteration:     1   Dual objective     =           577.938717
Iteration:    67   Dual objective     =           579.728201
The objective value (MAIN) = 579.935

Version identifier: 12.10.0.0 | 2019-11-26 | 843d4de
CPXPARAM_Threads                                 4
CPXPARAM_TimeLimit                               600
Found incumbent of value 476.352960 after 0.00 sec. (0.90 ticks)
Tried aggregator 1 time.
MIP Presolve eliminated 18087 rows and 1506 columns.
MIP Presolve modified 13349 coefficients.
Reduced MIP has 13501 rows, 760 columns, and 72401 nonzeros.
Reduced MIP has 760 binaries, 0 generals, 0 SOSs, and 0 indicators.
Presolve time = 0.45 sec. (556.67 ticks)
Probing time = 0.01 sec. (1.97 ticks)
Tried aggregator 1 time.
Detecting symmetries...
MIP Presolve eliminated 481 rows and 0 columns.
MIP Presolve modified 824 coefficients.
Reduced MIP has 13008 rows, 760 columns, and 71115 nonzeros.
Reduced MIP has 760 binaries, 0 generals, 0 SOSs, and 0 indicators.
Presolve time = 0.16 sec. (196.27 ticks)
Probing time = 0.01 sec. (2.03 ticks)
Clique table members: 13008.
MIP emphasis: balance optimality and feasibility.
MIP search method: dynamic search.
Parallel mode: deterministic, using up to 4 threads.
Root relaxation solution time = 0.93 sec. (444.20 ticks)

        Nodes                                         Cuts/
   Node  Left     Objective  IInf  Best Integer    Best Bound    ItCnt     Gap

*     0+    0                          476.3530     3292.6206           591.21%
*     0+    0                          568.5295     3292.6206           479.15%
      0     0      639.2875   418      568.5295      639.2875       46   12.45%
*     0+    0                          596.2616      639.2875             7.22%
*     0+    0                          626.4483      639.2875             2.05%
      0     0        cutoff            626.4483                   4873     --- 
Elapsed time = 6.26 sec. (6618.86 ticks, tree = 0.01 MB, solutions = 4)

Clique cuts applied:  342
Zero-half cuts applied:  18
Lift and project cuts applied:  6

Root node processing (before b&c):
  Real time             =    6.26 sec. (6619.21 ticks)
Parallel b&c, 4 threads:
  Real time             =    0.00 sec. (0.00 ticks)
  Sync time (average)   =    0.00 sec.
  Wait time (average)   =    0.00 sec.
                          ------------
Total (root+branch&cut) =    6.26 sec. (6619.21 ticks)
The objective value (MIP) = 626.448  Optimal
Alpha1_0: 49.262, Alpha2_0: 24.335
Alpha1_1: 15.4904, Alpha2_1: 45.3075
Alpha1_2: 23.0128, Alpha2_2: 3.875
Elaspsed Time: 23.6108sec.
Version identifier: 12.10.0.0 | 2019-11-26 | 843d4de

Iteration log . . .
Iteration:     1   Dual objective     =           580.015196
The objective value (MAIN) = 580.764

Version identifier: 12.10.0.0 | 2019-11-26 | 843d4de
CPXPARAM_Threads                                 4
CPXPARAM_TimeLimit                               600
Found incumbent of value 454.351914 after 0.00 sec. (0.96 ticks)
Tried aggregator 1 time.
MIP Presolve eliminated 19195 rows and 1443 columns.
MIP Presolve modified 14824 coefficients.
Reduced MIP has 14945 rows, 757 columns, and 78878 nonzeros.
Reduced MIP has 757 binaries, 0 generals, 0 SOSs, and 0 indicators.
Presolve time = 0.52 sec. (595.16 ticks)
Probing time = 0.01 sec. (2.06 ticks)
Tried aggregator 1 time.
Detecting symmetries...
MIP Presolve eliminated 893 rows and 0 columns.
MIP Presolve modified 1419 coefficients.
Reduced MIP has 14028 rows, 757 columns, and 76432 nonzeros.
Reduced MIP has 757 binaries, 0 generals, 0 SOSs, and 0 indicators.
Presolve time = 0.22 sec. (256.52 ticks)
Probing time = 0.01 sec. (2.03 ticks)
Clique table members: 14028.
MIP emphasis: balance optimality and feasibility.
MIP search method: dynamic search.
Parallel mode: deterministic, using up to 4 threads.
Root relaxation solution time = 0.65 sec. (427.35 ticks)

        Nodes                                         Cuts/
   Node  Left     Objective  IInf  Best Integer    Best Bound    ItCnt     Gap

*     0+    0                          454.3519     3288.6694           623.82%
*     0+    0                          571.3587     3288.6694           475.59%
      0     0      628.7336   405      571.3587      628.7336       40   10.04%
*     0+    0                          602.2230      628.7336             4.40%
      0     0      612.7838   405      602.2230     Cuts: 371     6691    1.75%
      0     0      610.6283   405      602.2230     Cuts: 217     8042    1.40%
      0     0      609.8910   405      602.2230      Cuts: 85     8736    1.27%
*     0+    0                          605.5706      609.8910             0.71%
      0     0      609.3782   405      605.5706      Cuts: 84     9264    0.63%
      0     0      608.8983   405      605.5706      Cuts: 89     9832    0.55%
Detecting symmetries...
      0     0      608.5231   405      605.5706      Cuts: 76    10458    0.49%
      0     0      608.3250   405      605.5706      Cuts: 46    10864    0.45%
      0     0      608.1587   405      605.5706      Cuts: 63    11139    0.43%
      0     0      607.8526   405      605.5706      Cuts: 27    11545    0.38%
      0     0      607.6500   405      605.5706      Cuts: 54    11896    0.34%
      0     0      607.5424   405      605.5706      Cuts: 41    12085    0.33%
      0     0      607.4585   405      605.5706      Cuts: 27    12308    0.31%
      0     0      607.3097   405      605.5706      Cuts: 32    12575    0.29%
      0     0      607.1555   405      605.5706      Cuts: 26    12896    0.26%
      0     0      607.1191   405      605.5706      Cuts: 38    13070    0.26%
      0     0      607.0804   405      605.5706      Cuts: 14    13292    0.25%
      0     0      607.0345   405      605.5706      Cuts: 21    13512    0.24%
*     0+    0                          606.7637      607.0345             0.04%
Detecting symmetries...
      0     2      607.0094   450      606.7637      607.0345    13512    0.04%
Elapsed time = 19.93 sec. (23639.94 ticks, tree = 0.02 MB, solutions = 5)
      2     1        cutoff            606.7637      607.0037    14516    0.04%

Clique cuts applied:  156
Zero-half cuts applied:  16

Root node processing (before b&c):
  Real time             =   19.91 sec. (23630.72 ticks)
Parallel b&c, 4 threads:
  Real time             =    0.29 sec. (442.13 ticks)
  Sync time (average)   =    0.19 sec.
  Wait time (average)   =    0.00 sec.
                          ------------
Total (root+branch&cut) =   20.20 sec. (24072.86 ticks)
The objective value (MIP) = 606.764  Optimal
Alpha1_0: 17.7895, Alpha2_0: 32.8325
Alpha1_1: 56.0093, Alpha2_1: 41.7686
Alpha1_2: 55.3178, Alpha2_2: 3.6
Elaspsed Time: 43.8381sec.
Version identifier: 12.10.0.0 | 2019-11-26 | 843d4de

Iteration log . . .
Iteration:     1   Dual objective     =           580.823822
The objective value (MAIN) = 581.246

Version identifier: 12.10.0.0 | 2019-11-26 | 843d4de
CPXPARAM_Threads                                 4
CPXPARAM_TimeLimit                               600
Found incumbent of value 463.430297 after 0.00 sec. (1.07 ticks)
Tried aggregator 1 time.
MIP Presolve eliminated 21307 rows and 1590 columns.
MIP Presolve modified 16701 coefficients.
Reduced MIP has 16836 rows, 786 columns, and 86413 nonzeros.
Reduced MIP has 786 binaries, 0 generals, 0 SOSs, and 0 indicators.
Presolve time = 0.57 sec. (651.49 ticks)
Probing time = 0.02 sec. (2.10 ticks)
Tried aggregator 1 time.
Detecting symmetries...
MIP Presolve eliminated 973 rows and 0 columns.
MIP Presolve modified 1313 coefficients.
Reduced MIP has 15863 rows, 786 columns, and 83768 nonzeros.
Reduced MIP has 786 binaries, 0 generals, 0 SOSs, and 0 indicators.
Presolve time = 0.22 sec. (273.88 ticks)
Probing time = 0.01 sec. (2.09 ticks)
Clique table members: 15863.
MIP emphasis: balance optimality and feasibility.
MIP search method: dynamic search.
Parallel mode: deterministic, using up to 4 threads.
Root relaxation solution time = 1.06 sec. (495.31 ticks)

        Nodes                                         Cuts/
   Node  Left     Objective  IInf  Best Integer    Best Bound    ItCnt     Gap

*     0+    0                          463.4303     3232.4024           597.49%
*     0+    0                          564.7665     3232.4024           472.34%
      0     0      632.2898   434      564.7665      632.2898       43   11.96%
*     0+    0                          611.9668      632.2898             3.32%
      0     0      619.5864   434      611.9668     Cuts: 425     7044    1.25%
*     0+    0                          613.5487      619.5864             0.98%
      0     0      617.6001   434      613.5487     Cuts: 123     8366    0.66%
      0     0      615.6971   434      613.5487     Cuts: 280     9868    0.35%
      0     0      615.2996   434      613.5487     Cuts: 122    10495    0.29%
      0     0      615.0343   434      613.5487      Cuts: 74    10993    0.24%
Detecting symmetries...
      0     0      614.7314   434      613.5487      Cuts: 41    11375    0.19%
      0     0      614.6516   434      613.5487      Cuts: 68    11607    0.18%
      0     0      614.6135   434      613.5487      Cuts: 28    11773    0.17%
      0     0      614.5982   434      613.5487      Cuts: 99    11927    0.17%
      0     0        cutoff            613.5487      613.5487    11927    0.00%
Elapsed time = 19.57 sec. (22438.21 ticks, tree = 0.01 MB, solutions = 4)

Clique cuts applied:  149
Zero-half cuts applied:  18

Root node processing (before b&c):
  Real time             =   19.57 sec. (22438.33 ticks)
Parallel b&c, 4 threads:
  Real time             =    0.00 sec. (0.00 ticks)
  Sync time (average)   =    0.00 sec.
  Wait time (average)   =    0.00 sec.
                          ------------
Total (root+branch&cut) =   19.57 sec. (22438.33 ticks)
The objective value (MIP) = 613.549  Optimal
Alpha1_0: 53.203, Alpha2_0: 12.111
Alpha1_1: 18.2254, Alpha2_1: 7.1775
Alpha1_2: 17.3078, Alpha2_2: 47.4
Elaspsed Time: 63.4486sec.
Version identifier: 12.10.0.0 | 2019-11-26 | 843d4de

Iteration log . . .
Iteration:     1   Dual objective     =           581.263411
The objective value (MAIN) = 582.275

Version identifier: 12.10.0.0 | 2019-11-26 | 843d4de
CPXPARAM_Threads                                 4
CPXPARAM_TimeLimit                               600
Found incumbent of value 458.678653 after 0.00 sec. (1.10 ticks)
Tried aggregator 1 time.
MIP Presolve eliminated 21895 rows and 1608 columns.
MIP Presolve modified 17041 coefficients.
Reduced MIP has 17181 rows, 834 columns, and 92678 nonzeros.
Reduced MIP has 834 binaries, 0 generals, 0 SOSs, and 0 indicators.
Presolve time = 0.69 sec. (801.93 ticks)
Probing time = 0.02 sec. (2.10 ticks)
Tried aggregator 1 time.
Detecting symmetries...
MIP Presolve eliminated 662 rows and 0 columns.
MIP Presolve modified 1057 coefficients.
Reduced MIP has 16513 rows, 834 columns, and 90901 nonzeros.
Reduced MIP has 834 binaries, 0 generals, 0 SOSs, and 0 indicators.
Presolve time = 0.21 sec. (254.34 ticks)
Probing time = 0.01 sec. (2.11 ticks)
Clique table members: 16513.
MIP emphasis: balance optimality and feasibility.
MIP search method: dynamic search.
Parallel mode: deterministic, using up to 4 threads.
Root relaxation solution time = 0.92 sec. (475.95 ticks)

        Nodes                                         Cuts/
   Node  Left     Objective  IInf  Best Integer    Best Bound    ItCnt     Gap

*     0+    0                          458.6787     3274.9666           614.00%
*     0+    0                          569.7799     3274.9666           474.78%
      0     0      630.7361   439      569.7799      630.7361       37   10.70%
*     0+    0                          609.9248      630.7361             3.41%
      0     0      612.9722   439      609.9248     Cuts: 444     7224    0.50%
      0     0      611.2305   439      609.9248     Cuts: 156     8703    0.21%
      0     0      610.5687   439      609.9248      Cuts: 95     9249    0.11%
      0     0      610.1672   439      609.9248     Cuts: 128     9923    0.04%
      0     0      609.9670   439      609.9248      Cuts: 54    10438    0.01%
      0     0        cutoff            609.9248                  10438     --- 
Elapsed time = 13.47 sec. (15782.54 ticks, tree = 0.01 MB, solutions = 3)

Clique cuts applied:  130
Zero-half cuts applied:  10

Root node processing (before b&c):
  Real time             =   13.47 sec. (15782.65 ticks)
Parallel b&c, 4 threads:
  Real time             =    0.00 sec. (0.00 ticks)
  Sync time (average)   =    0.00 sec.
  Wait time (average)   =    0.00 sec.
                          ------------
Total (root+branch&cut) =   13.47 sec. (15782.65 ticks)
The objective value (MIP) = 609.925  Optimal
Alpha1_0: 52.472, Alpha2_0: 23.43
Alpha1_1: 23.4404, Alpha2_1: 8.8175
Alpha1_2: 7.48917, Alpha2_2: 44.4836
Elaspsed Time: 76.9673sec.
Version identifier: 12.10.0.0 | 2019-11-26 | 843d4de

Iteration log . . .
Iteration:     1   Dual objective     =           582.316594
The objective value (MAIN) = 583.43

Version identifier: 12.10.0.0 | 2019-11-26 | 843d4de
CPXPARAM_Threads                                 4
CPXPARAM_TimeLimit                               600
Found incumbent of value 461.173155 after 0.00 sec. (1.23 ticks)
Tried aggregator 1 time.
MIP Presolve eliminated 24481 rows and 1767 columns.
MIP Presolve modified 19434 coefficients.
Reduced MIP has 19627 rows, 895 columns, and 104438 nonzeros.
Reduced MIP has 895 binaries, 0 generals, 0 SOSs, and 0 indicators.
Presolve time = 0.77 sec. (921.98 ticks)
Probing time = 0.02 sec. (2.15 ticks)
Tried aggregator 1 time.
Detecting symmetries...
MIP Presolve eliminated 987 rows and 0 columns.
MIP Presolve modified 1127 coefficients.
Reduced MIP has 18640 rows, 895 columns, and 101400 nonzeros.
Reduced MIP has 895 binaries, 0 generals, 0 SOSs, and 0 indicators.
Presolve time = 0.45 sec. (383.13 ticks)
Probing time = 0.01 sec. (2.26 ticks)
Clique table members: 18640.
MIP emphasis: balance optimality and feasibility.
MIP search method: dynamic search.
Parallel mode: deterministic, using up to 4 threads.
Root relaxation solution time = 1.03 sec. (550.64 ticks)

        Nodes                                         Cuts/
   Node  Left     Objective  IInf  Best Integer    Best Bound    ItCnt     Gap

*     0+    0                          461.1732     3275.7600           610.31%
*     0+    0                          567.7581     3275.7600           476.96%
      0     0      627.1240   496      567.7581      627.1240       39   10.46%
*     0+    0                          602.4282      627.1240             4.10%
      0     0      611.4038   496      602.4282     Cuts: 655    10084    1.49%
      0     0      609.2839   496      602.4282     Cuts: 205    11833    1.14%
      0     0      608.4732   496      602.4282      Cuts: 90    12889    1.00%
      0     0      607.8001   496      602.4282      Cuts: 64    13663    0.89%
      0     0      607.4801   496      602.4282      Cuts: 69    14220    0.84%
Detecting symmetries...
      0     0      607.4162   496      602.4282      Cuts: 26    14459    0.83%
      0     0      607.2727   496      602.4282      Cuts: 30    14899    0.80%
      0     0      607.1651   496      602.4282      Cuts: 51    15179    0.79%
      0     0      606.9415   496      602.4282      Cuts: 40    15589    0.75%
      0     0      606.8114   496      602.4282      Cuts: 12    15864    0.73%
      0     0      606.6924   496      602.4282      Cuts: 46    16167    0.71%
      0     0      606.5361   496      602.4282      Cuts: 14    16548    0.68%
      0     0      606.4387   496      602.4282      Cuts: 13    16833    0.67%
      0     0      606.3271   496      602.4282      Cuts: 29    17170    0.65%
      0     0      606.2172   496      602.4282      Cuts: 24    17539    0.63%
      0     0      606.1593   496      602.4282      Cuts: 19    17782    0.62%
      0     0      606.0707   496      602.4282      Cuts: 17    18034    0.60%
*     0+    0                          604.5235      606.0707             0.26%
Detecting symmetries...
      0     2      606.0707   532      604.5235      606.0707    18034    0.26%
Elapsed time = 26.22 sec. (33635.10 ticks, tree = 0.02 MB, solutions = 4)
      1     3      605.0386   339      604.5235      606.0699    18880    0.26%
      3     2        cutoff            604.5235      606.0699    19858    0.26%
      5     3      605.6638   531      604.5235      605.9276    20912    0.23%
*     6     1      integral     0      604.7609      605.9276    21518    0.19%
      9     1        cutoff            604.7609      605.2307    23211    0.08%
     11     1        cutoff            604.7609      605.0781    24303    0.05%
     12     3      604.9826   532      604.7609      605.0763    24705    0.05%
     14     3      604.8319   532      604.7609      604.9785    25716    0.04%

Clique cuts applied:  193
Zero-half cuts applied:  17

Root node processing (before b&c):
  Real time             =   26.19 sec. (33621.50 ticks)
Parallel b&c, 4 threads:
  Real time             =    2.12 sec. (3306.90 ticks)
  Sync time (average)   =    1.16 sec.
  Wait time (average)   =    0.00 sec.
                          ------------
Total (root+branch&cut) =   28.31 sec. (36928.40 ticks)
The objective value (MIP) = 604.761  Optimal
Alpha1_0: 35.512, Alpha2_0: 36.435
Alpha1_1: 56.1529, Alpha2_1: 5.91
Alpha1_2: 23.2528, Alpha2_2: 4.115
Elaspsed Time: 105.309sec.
Version identifier: 12.10.0.0 | 2019-11-26 | 843d4de

Iteration log . . .
Iteration:     1   Dual objective     =           583.517339
The objective value (MAIN) = 584.41

Version identifier: 12.10.0.0 | 2019-11-26 | 843d4de
CPXPARAM_Threads                                 4
CPXPARAM_TimeLimit                               600
Found incumbent of value 459.394498 after 0.00 sec. (1.18 ticks)
Tried aggregator 1 time.
MIP Presolve eliminated 23776 rows and 1668 columns.
MIP Presolve modified 18425 coefficients.
Reduced MIP has 18597 rows, 862 columns, and 100148 nonzeros.
Reduced MIP has 862 binaries, 0 generals, 0 SOSs, and 0 indicators.
Presolve time = 0.73 sec. (862.04 ticks)
Probing time = 0.01 sec. (2.12 ticks)
Tried aggregator 1 time.
Detecting symmetries...
MIP Presolve eliminated 677 rows and 0 columns.
MIP Presolve modified 1304 coefficients.
Reduced MIP has 17857 rows, 862 columns, and 98023 nonzeros.
Reduced MIP has 862 binaries, 0 generals, 0 SOSs, and 0 indicators.
Presolve time = 0.22 sec. (264.74 ticks)
Probing time = 0.01 sec. (2.18 ticks)
Clique table members: 17857.
MIP emphasis: balance optimality and feasibility.
MIP search method: dynamic search.
Parallel mode: deterministic, using up to 4 threads.
Root relaxation solution time = 1.29 sec. (579.53 ticks)

        Nodes                                         Cuts/
   Node  Left     Objective  IInf  Best Integer    Best Bound    ItCnt     Gap

*     0+    0                          459.3945     3264.8923           610.69%
*     0+    0                          575.6921     3264.8923           467.12%
      0     0      631.3418   456      575.6921      631.3418       46    9.67%
*     0+    0                          607.0581      631.3418             4.00%
      0     0      617.1535   456      607.0581     Cuts: 592     7902    1.66%
*     0+    0                          609.6646      617.1535             1.23%
      0     0      614.5212   456      609.6646     Cuts: 436     9693    0.80%
      0     0      613.6016   456      609.6646     Cuts: 105    10531    0.65%
      0     0      613.2026   456      609.6646     Cuts: 105    11163    0.58%
*     0+    0                          611.1045      613.2026             0.34%
      0     0      612.5327   456      611.1045      Cuts: 86    12034    0.23%
Detecting symmetries...
*     0     0      integral     0      612.0970     Cuts: 116    12488    0.00%
      0     0        cutoff            612.0970      612.0970    12488    0.00%
Elapsed time = 15.02 sec. (18539.56 ticks, tree = 0.01 MB, solutions = 6)

Clique cuts applied:  212
Zero-half cuts applied:  65

Root node processing (before b&c):
  Real time             =   15.02 sec. (18539.80 ticks)
Parallel b&c, 4 threads:
  Real time             =    0.00 sec. (0.00 ticks)
  Sync time (average)   =    0.00 sec.
  Wait time (average)   =    0.00 sec.
                          ------------
Total (root+branch&cut) =   15.02 sec. (18539.80 ticks)
The objective value (MIP) = 612.097  Optimal
Alpha1_0: 13.372, Alpha2_0: 35.88
Alpha1_1: 59.0793, Alpha2_1: 20.2264
Alpha1_2: 31.3278, Alpha2_2: 6.705
Elaspsed Time: 120.368sec.
Version identifier: 12.10.0.0 | 2019-11-26 | 843d4de

Iteration log . . .
Iteration:     1   Dual objective     =           584.486102
The objective value (MAIN) = 585.355

Version identifier: 12.10.0.0 | 2019-11-26 | 843d4de
CPXPARAM_Threads                                 4
CPXPARAM_TimeLimit                               600
Found incumbent of value 455.333969 after 0.00 sec. (1.32 ticks)
Tried aggregator 1 time.
MIP Presolve eliminated 26240 rows and 1866 columns.
MIP Presolve modified 20753 coefficients.
Reduced MIP has 20976 rows, 928 columns, and 113802 nonzeros.
Reduced MIP has 928 binaries, 0 generals, 0 SOSs, and 0 indicators.
Presolve time = 1.00 sec. (1180.53 ticks)
Probing time = 0.01 sec. (2.18 ticks)
Tried aggregator 1 time.
Detecting symmetries...
MIP Presolve eliminated 959 rows and 0 columns.
MIP Presolve modified 1041 coefficients.
Reduced MIP has 20017 rows, 928 columns, and 110727 nonzeros.
Reduced MIP has 928 binaries, 0 generals, 0 SOSs, and 0 indicators.
Presolve time = 0.48 sec. (407.54 ticks)
Probing time = 0.01 sec. (2.39 ticks)
Clique table members: 20017.
MIP emphasis: balance optimality and feasibility.
MIP search method: dynamic search.
Parallel mode: deterministic, using up to 4 threads.
Root relaxation solution time = 1.19 sec. (662.04 ticks)

        Nodes                                         Cuts/
   Node  Left     Objective  IInf  Best Integer    Best Bound    ItCnt     Gap

*     0+    0                          455.3340     3307.1796           626.32%
*     0+    0                          570.7110     3307.1796           479.48%
      0     0      628.7875   520      570.7110      628.7875       46   10.18%
*     0+    0                          600.7727      628.7875             4.66%
      0     0      614.7734   520      600.7727     Cuts: 646     8827    2.33%
*     0+    0                          603.7375      614.7734             1.83%
      0     0      612.9012   520      603.7375     Cuts: 165    10628    1.52%
*     0+    0                          609.4052      612.9012             0.57%
      0     0      612.0050   520      609.4052      Cuts: 90    11634    0.43%
      0     0      611.4324   520      609.4052      Cuts: 74    12375    0.33%
      0     0      611.1624   520      609.4052      Cuts: 83    12904    0.29%
Detecting symmetries...
      0     0      610.9791   520      609.4052      Cuts: 51    13341    0.26%
      0     0      610.8495   520      609.4052      Cuts: 32    13750    0.24%
      0     0      610.6745   520      609.4052      Cuts: 37    14183    0.21%
      0     0      610.5445   520      609.4052      Cuts: 39    14508    0.19%
      0     0      610.4493   520      609.4052      Cuts: 29    14797    0.17%
      0     0      610.2902   520      609.4052      Cuts: 63    15209    0.15%
      0     0      610.1325   520      609.4052      Cuts: 83    15560    0.12%
      0     0      610.0320   520      609.4052      Cuts: 66    15922    0.10%
      0     0      609.9106   520      609.4052      Cuts: 32    16377    0.08%
      0     0      609.8222   520      609.4052      Cuts: 37    16786    0.07%
      0     0      609.7645   520      609.4052      Cuts: 41    16976    0.06%
*     0+    0                          609.5942      609.7645             0.03%
