n = 402   m = 1902
Do you want to input data from text file? (y/n) Which file do you want to open? 
Attack510Repeat1.txt
Do you want to save data to a text file? (y/n) 
Ordered Pair:
Source
(3.71 , 13.4) 

Layer 1
(3.85 , 41.25) (6.23 , 38.4) (6.93 , 36.55) (7 , 31.65) (7.42 , 31.6) (8.96 , 18.9) (9.17 , 18.65) (9.24 , 14.9) (12.53 , 13) (13.58 , 6) 

Layer 2
(14.42 , 47.1) (15.89 , 46.95) (17.99 , 40.7) (18.41 , 22.7) (20.09 , 22.15) (22.47 , 18.2) (26.32 , 18.15) (26.46 , 11.1) (28.63 , 3.35) (30.17 , 0.9) 

Layer 3
(34.51 , 48.4) (34.58 , 47) (35.07 , 45.8) (35.77 , 45.35) (35.84 , 44.8) (36.05 , 38.05) (38.71 , 37.05) (39.41 , 26.25) (41.16 , 22.6) (43.26 , 15.85) 

Layer 4
(45.08 , 44.25) (46.62 , 36.9) (46.83 , 35.15) (47.46 , 31.35) (48.09 , 31.25) (50.19 , 27.35) (51.52 , 24.8) (52.64 , 9.85) (53.76 , 5) (54.95 , 2) 

Layer 5
(56.21 , 44.8) (58.59 , 44.1) (58.87 , 41.05) (60.27 , 38.35) (62.65 , 20.35) (65.03 , 18.5) (67.48 , 9.05) (68.39 , 8.75) (68.67 , 6.95) (68.95 , 0.1) 

Sink
(69.93 , 38.05) 
Version identifier: 12.10.0.0 | 2019-11-26 | 843d4de
Tried aggregator 1 time.
LP Presolve eliminated 1 rows and 1 columns.
Reduced LP has 52 rows, 222 columns, and 444 nonzeros.
Presolve time = 0.00 sec. (0.16 ticks)
Initializing dual steep norms . . .

Iteration log . . .
Iteration:     1   Dual objective     =             7.574569
The objective value (MAIN) = 78.9674

Version identifier: 12.10.0.0 | 2019-11-26 | 843d4de
CPXPARAM_Threads                                 4
CPXPARAM_TimeLimit                               600
Found incumbent of value 142.671130 after 0.00 sec. (0.00 ticks)
Tried aggregator 3 times.
MIP Presolve eliminated 14 rows and 25 columns.
MIP Presolve modified 2 coefficients.
Aggregator did 4 substitutions.
Reduced MIP has 6 rows, 7 columns, and 13 nonzeros.
Reduced MIP has 7 binaries, 0 generals, 0 SOSs, and 0 indicators.
Presolve time = 0.00 sec. (0.06 ticks)
Probing time = 0.00 sec. (0.00 ticks)
Tried aggregator 2 times.
MIP Presolve eliminated 4 rows and 4 columns.
Aggregator did 2 substitutions.
All rows and columns eliminated.
Presolve time = 0.00 sec. (0.01 ticks)

Root node processing (before b&c):
  Real time             =    0.01 sec. (0.08 ticks)
Parallel b&c, 4 threads:
  Real time             =    0.00 sec. (0.00 ticks)
  Sync time (average)   =    0.00 sec.
  Wait time (average)   =    0.00 sec.
                          ------------
Total (root+branch&cut) =    0.01 sec. (0.08 ticks)
The objective value (MIP) = 147.116  Optimal
Alpha1_0: 42.091, Alpha2_0: 38.2
Version identifier: 12.10.0.0 | 2019-11-26 | 843d4de
CPXPARAM_Threads                                 4
CPXPARAM_TimeLimit                               600
Found incumbent of value 210.819278 after 0.00 sec. (0.00 ticks)
Tried aggregator 3 times.
MIP Presolve eliminated 14 rows and 25 columns.
MIP Presolve modified 2 coefficients.
Aggregator did 4 substitutions.
Reduced MIP has 6 rows, 7 columns, and 13 nonzeros.
Reduced MIP has 7 binaries, 0 generals, 0 SOSs, and 0 indicators.
Presolve time = 0.00 sec. (0.06 ticks)
Probing time = 0.00 sec. (0.00 ticks)
Tried aggregator 2 times.
MIP Presolve eliminated 4 rows and 4 columns.
Aggregator did 2 substitutions.
All rows and columns eliminated.
Presolve time = 0.00 sec. (0.01 ticks)

Root node processing (before b&c):
  Real time             =    0.00 sec. (0.08 ticks)
Parallel b&c, 4 threads:
  Real time             =    0.00 sec. (0.00 ticks)
  Sync time (average)   =    0.00 sec.
  Wait time (average)   =    0.00 sec.
                          ------------
Total (root+branch&cut) =    0.00 sec. (0.08 ticks)
The objective value (MIP) = 215.264  Optimal
Alpha1_1: 42.091, Alpha2_1: 38.2
Elaspsed Time: 0.0207117sec.
Version identifier: 12.10.0.0 | 2019-11-26 | 843d4de

Iteration log . . .
Iteration:     1   Dual objective     =            86.193073
The objective value (MAIN) = 189.389

Version identifier: 12.10.0.0 | 2019-11-26 | 843d4de
CPXPARAM_Threads                                 4
CPXPARAM_TimeLimit                               600
Found incumbent of value 149.389136 after 0.00 sec. (0.00 ticks)
Tried aggregator 3 times.
MIP Presolve eliminated 15 rows and 26 columns.
MIP Presolve modified 2 coefficients.
Aggregator did 5 substitutions.
Reduced MIP has 2 rows, 4 columns, and 4 nonzeros.
Reduced MIP has 4 binaries, 0 generals, 0 SOSs, and 0 indicators.
Presolve time = 0.00 sec. (0.05 ticks)
Probing time = 0.00 sec. (0.00 ticks)
Tried aggregator 1 time.
MIP Presolve eliminated 2 rows and 4 columns.
All rows and columns eliminated.
Presolve time = 0.00 sec. (0.00 ticks)

Root node processing (before b&c):
  Real time             =    0.01 sec. (1.02 ticks)
Parallel b&c, 4 threads:
  Real time             =    0.00 sec. (0.00 ticks)
  Sync time (average)   =    0.00 sec.
  Wait time (average)   =    0.00 sec.
                          ------------
Total (root+branch&cut) =    0.01 sec. (1.02 ticks)
The objective value (MIP) = 156.797  Optimal
Alpha1_0: 35.441, Alpha2_0: 21.65
Version identifier: 12.10.0.0 | 2019-11-26 | 843d4de
CPXPARAM_Threads                                 4
CPXPARAM_TimeLimit                               600
Found incumbent of value 220.500247 after 0.00 sec. (0.00 ticks)
Tried aggregator 3 times.
MIP Presolve eliminated 15 rows and 26 columns.
MIP Presolve modified 2 coefficients.
Aggregator did 5 substitutions.
Reduced MIP has 2 rows, 4 columns, and 4 nonzeros.
Reduced MIP has 4 binaries, 0 generals, 0 SOSs, and 0 indicators.
Presolve time = 0.00 sec. (0.05 ticks)
Probing time = 0.00 sec. (0.00 ticks)
Tried aggregator 1 time.
MIP Presolve eliminated 2 rows and 4 columns.
All rows and columns eliminated.
Presolve time = 0.00 sec. (0.00 ticks)

Root node processing (before b&c):
  Real time             =    0.01 sec. (1.02 ticks)
Parallel b&c, 4 threads:
  Real time             =    0.00 sec. (0.00 ticks)
  Sync time (average)   =    0.00 sec.
  Wait time (average)   =    0.00 sec.
                          ------------
Total (root+branch&cut) =    0.01 sec. (1.02 ticks)
The objective value (MIP) = 227.908  Optimal
Alpha1_1: 35.441, Alpha2_1: 21.65
Elaspsed Time: 0.0374672sec.
Version identifier: 12.10.0.0 | 2019-11-26 | 843d4de

Iteration log . . .
Iteration:     1   Dual objective     =           190.957905
The objective value (MAIN) = 202.636

Version identifier: 12.10.0.0 | 2019-11-26 | 843d4de
CPXPARAM_Threads                                 4
CPXPARAM_TimeLimit                               600
Found incumbent of value 146.128193 after 0.00 sec. (0.01 ticks)
Tried aggregator 3 times.
MIP Presolve eliminated 40 rows and 43 columns.
MIP Presolve modified 12 coefficients.
Aggregator did 7 substitutions.
Reduced MIP has 31 rows, 21 columns, and 71 nonzeros.
Reduced MIP has 21 binaries, 0 generals, 0 SOSs, and 0 indicators.
Presolve time = 0.00 sec. (0.18 ticks)
Probing time = 0.00 sec. (0.01 ticks)
Tried aggregator 2 times.
MIP Presolve eliminated 5 rows and 3 columns.
Aggregator did 2 substitutions.
Reduced MIP has 24 rows, 16 columns, and 55 nonzeros.
Reduced MIP has 16 binaries, 0 generals, 0 SOSs, and 0 indicators.
Presolve time = 0.00 sec. (0.06 ticks)
Probing time = 0.00 sec. (0.01 ticks)
Tried aggregator 1 time.
Detecting symmetries...
Reduced MIP has 24 rows, 16 columns, and 55 nonzeros.
Reduced MIP has 16 binaries, 0 generals, 0 SOSs, and 0 indicators.
Presolve time = 0.00 sec. (0.04 ticks)
Probing time = 0.00 sec. (0.01 ticks)
Clique table members: 28.
MIP emphasis: balance optimality and feasibility.
MIP search method: dynamic search.
Parallel mode: deterministic, using up to 4 threads.
Root relaxation solution time = 0.00 sec. (0.03 ticks)

        Nodes                                         Cuts/
   Node  Left     Objective  IInf  Best Integer    Best Bound    ItCnt     Gap

*     0+    0                          146.1282      174.1705            19.19%
*     0     0      integral     0      149.0912      149.0912        9    0.00%
Elapsed time = 0.01 sec. (0.42 ticks, tree = 0.00 MB, solutions = 2)

Root node processing (before b&c):
  Real time             =    0.01 sec. (0.43 ticks)
Parallel b&c, 4 threads:
  Real time             =    0.00 sec. (0.00 ticks)
  Sync time (average)   =    0.00 sec.
  Wait time (average)   =    0.00 sec.
                          ------------
Total (root+branch&cut) =    0.01 sec. (0.43 ticks)
The objective value (MIP) = 149.091  Optimal
Alpha1_0: 39.9685, Alpha2_0: 26.1775
Version identifier: 12.10.0.0 | 2019-11-26 | 843d4de
CPXPARAM_Threads                                 4
CPXPARAM_TimeLimit                               600
Found incumbent of value 212.794860 after 0.00 sec. (0.01 ticks)
Tried aggregator 3 times.
MIP Presolve eliminated 40 rows and 43 columns.
MIP Presolve modified 12 coefficients.
Aggregator did 7 substitutions.
Reduced MIP has 31 rows, 21 columns, and 71 nonzeros.
Reduced MIP has 21 binaries, 0 generals, 0 SOSs, and 0 indicators.
Presolve time = 0.00 sec. (0.18 ticks)
Probing time = 0.00 sec. (0.01 ticks)
Tried aggregator 2 times.
MIP Presolve eliminated 5 rows and 3 columns.
Aggregator did 2 substitutions.
Reduced MIP has 24 rows, 16 columns, and 55 nonzeros.
Reduced MIP has 16 binaries, 0 generals, 0 SOSs, and 0 indicators.
Presolve time = 0.00 sec. (0.06 ticks)
Probing time = 0.00 sec. (0.01 ticks)
Tried aggregator 1 time.
Detecting symmetries...
Reduced MIP has 24 rows, 16 columns, and 55 nonzeros.
Reduced MIP has 16 binaries, 0 generals, 0 SOSs, and 0 indicators.
Presolve time = 0.00 sec. (0.04 ticks)
Probing time = 0.00 sec. (0.01 ticks)
Clique table members: 28.
MIP emphasis: balance optimality and feasibility.
MIP search method: dynamic search.
Parallel mode: deterministic, using up to 4 threads.
Root relaxation solution time = 0.00 sec. (0.03 ticks)

        Nodes                                         Cuts/
   Node  Left     Objective  IInf  Best Integer    Best Bound    ItCnt     Gap

*     0+    0                          212.7949      240.8372            13.18%
*     0     0      integral     0      215.7578      215.7578        9    0.00%
Elapsed time = 0.01 sec. (0.42 ticks, tree = 0.00 MB, solutions = 2)

Root node processing (before b&c):
  Real time             =    0.01 sec. (0.43 ticks)
Parallel b&c, 4 threads:
  Real time             =    0.00 sec. (0.00 ticks)
  Sync time (average)   =    0.00 sec.
  Wait time (average)   =    0.00 sec.
                          ------------
Total (root+branch&cut) =    0.01 sec. (0.43 ticks)
The objective value (MIP) = 215.758  Optimal
Alpha1_1: 39.9685, Alpha2_1: 26.1775
Elaspsed Time: 0.0544465sec.
Version identifier: 12.10.0.0 | 2019-11-26 | 843d4de

Iteration log . . .
Iteration:     1   Dual objective     =           202.680917
The objective value (MAIN) = 207.293

Version identifier: 12.10.0.0 | 2019-11-26 | 843d4de
CPXPARAM_Threads                                 4
CPXPARAM_TimeLimit                               600
Found incumbent of value 149.515201 after 0.00 sec. (0.01 ticks)
Tried aggregator 3 times.
MIP Presolve eliminated 44 rows and 40 columns.
MIP Presolve modified 16 coefficients.
Aggregator did 5 substitutions.
Reduced MIP has 35 rows, 27 columns, and 94 nonzeros.
Reduced MIP has 27 binaries, 0 generals, 0 SOSs, and 0 indicators.
Presolve time = 0.00 sec. (0.19 ticks)
Probing time = 0.00 sec. (0.02 ticks)
Tried aggregator 1 time.
Detecting symmetries...
Reduced MIP has 35 rows, 27 columns, and 94 nonzeros.
Reduced MIP has 27 binaries, 0 generals, 0 SOSs, and 0 indicators.
Presolve time = 0.00 sec. (0.06 ticks)
Probing time = 0.00 sec. (0.02 ticks)
Clique table members: 49.
MIP emphasis: balance optimality and feasibility.
MIP search method: dynamic search.
Parallel mode: deterministic, using up to 4 threads.
Root relaxation solution time = 0.00 sec. (0.06 ticks)

        Nodes                                         Cuts/
   Node  Left     Objective  IInf  Best Integer    Best Bound    ItCnt     Gap

*     0+    0                          149.5152      230.4269            54.12%
*     0     0      integral     0      158.1762      158.1762       14    0.00%
Elapsed time = 0.01 sec. (0.43 ticks, tree = 0.00 MB, solutions = 2)

Root node processing (before b&c):
  Real time             =    0.01 sec. (0.43 ticks)
Parallel b&c, 4 threads:
  Real time             =    0.00 sec. (0.00 ticks)
  Sync time (average)   =    0.00 sec.
  Wait time (average)   =    0.00 sec.
                          ------------
Total (root+branch&cut) =    0.01 sec. (0.43 ticks)
The objective value (MIP) = 158.176  Optimal
Alpha1_0: 30.5035, Alpha2_0: 42.6725
Version identifier: 12.10.0.0 | 2019-11-26 | 843d4de
CPXPARAM_Threads                                 4
CPXPARAM_TimeLimit                               600
Found incumbent of value 215.498107 after 0.00 sec. (0.01 ticks)
Tried aggregator 3 times.
MIP Presolve eliminated 44 rows and 40 columns.
MIP Presolve modified 16 coefficients.
Aggregator did 5 substitutions.
Reduced MIP has 35 rows, 27 columns, and 94 nonzeros.
Reduced MIP has 27 binaries, 0 generals, 0 SOSs, and 0 indicators.
Presolve time = 0.00 sec. (0.19 ticks)
Probing time = 0.00 sec. (0.02 ticks)
Tried aggregator 1 time.
Detecting symmetries...
Reduced MIP has 35 rows, 27 columns, and 94 nonzeros.
Reduced MIP has 27 binaries, 0 generals, 0 SOSs, and 0 indicators.
Presolve time = 0.00 sec. (0.06 ticks)
Probing time = 0.00 sec. (0.02 ticks)
Clique table members: 49.
MIP emphasis: balance optimality and feasibility.
MIP search method: dynamic search.
Parallel mode: deterministic, using up to 4 threads.
Root relaxation solution time = 0.00 sec. (0.06 ticks)

        Nodes                                         Cuts/
   Node  Left     Objective  IInf  Best Integer    Best Bound    ItCnt     Gap

*     0+    0                          215.4981      296.4098            37.55%
*     0     0      integral     0      224.1591      224.1591       14    0.00%
Elapsed time = 0.01 sec. (0.43 ticks, tree = 0.00 MB, solutions = 2)

Root node processing (before b&c):
  Real time             =    0.01 sec. (0.43 ticks)
Parallel b&c, 4 threads:
  Real time             =    0.00 sec. (0.00 ticks)
  Sync time (average)   =    0.00 sec.
  Wait time (average)   =    0.00 sec.
                          ------------
Total (root+branch&cut) =    0.01 sec. (0.43 ticks)
The objective value (MIP) = 224.159  Optimal
Alpha1_1: 30.5035, Alpha2_1: 42.6725
Elaspsed Time: 0.0690117sec.
Version identifier: 12.10.0.0 | 2019-11-26 | 843d4de

Iteration log . . .
Iteration:     1   Dual objective     =           207.620823
The objective value (MAIN) = 207.701

Version identifier: 12.10.0.0 | 2019-11-26 | 843d4de
CPXPARAM_Threads                                 4
CPXPARAM_TimeLimit                               600
Found incumbent of value 149.700845 after 0.00 sec. (0.01 ticks)
Tried aggregator 3 times.
MIP Presolve eliminated 112 rows and 60 columns.
MIP Presolve modified 54 coefficients.
Aggregator did 7 substitutions.
Reduced MIP has 73 rows, 41 columns, and 212 nonzeros.
Reduced MIP has 41 binaries, 0 generals, 0 SOSs, and 0 indicators.
Presolve time = 0.00 sec. (0.42 ticks)
Probing time = 0.00 sec. (0.04 ticks)
Tried aggregator 1 time.
Detecting symmetries...
Reduced MIP has 73 rows, 41 columns, and 212 nonzeros.
Reduced MIP has 41 binaries, 0 generals, 0 SOSs, and 0 indicators.
Presolve time = 0.00 sec. (0.16 ticks)
Probing time = 0.00 sec. (0.04 ticks)
Clique table members: 107.
MIP emphasis: balance optimality and feasibility.
MIP search method: dynamic search.
Parallel mode: deterministic, using up to 4 threads.
Root relaxation solution time = 0.00 sec. (0.16 ticks)

        Nodes                                         Cuts/
   Node  Left     Objective  IInf  Best Integer    Best Bound    ItCnt     Gap

*     0+    0                          149.7008      240.9601            60.96%
*     0     0      integral     0      153.7008      153.7008       26    0.00%
Elapsed time = 0.01 sec. (0.96 ticks, tree = 0.00 MB, solutions = 2)

Root node processing (before b&c):
  Real time             =    0.01 sec. (0.96 ticks)
Parallel b&c, 4 threads:
  Real time             =    0.00 sec. (0.00 ticks)
  Sync time (average)   =    0.00 sec.
  Wait time (average)   =    0.00 sec.
                          ------------
Total (root+branch&cut) =    0.01 sec. (0.96 ticks)
The objective value (MIP) = 153.701  Optimal
Alpha1_0: 29.8635, Alpha2_0: 32.7575
Version identifier: 12.10.0.0 | 2019-11-26 | 843d4de
CPXPARAM_Threads                                 4
CPXPARAM_TimeLimit                               600
Found incumbent of value 210.367512 after 0.00 sec. (0.01 ticks)
Tried aggregator 3 times.
MIP Presolve eliminated 112 rows and 60 columns.
MIP Presolve modified 54 coefficients.
Aggregator did 7 substitutions.
Reduced MIP has 73 rows, 41 columns, and 212 nonzeros.
Reduced MIP has 41 binaries, 0 generals, 0 SOSs, and 0 indicators.
Presolve time = 0.00 sec. (0.42 ticks)
Probing time = 0.00 sec. (0.04 ticks)
Tried aggregator 1 time.
Detecting symmetries...
Reduced MIP has 73 rows, 41 columns, and 212 nonzeros.
Reduced MIP has 41 binaries, 0 generals, 0 SOSs, and 0 indicators.
Presolve time = 0.00 sec. (0.16 ticks)
Probing time = 0.00 sec. (0.04 ticks)
Clique table members: 107.
MIP emphasis: balance optimality and feasibility.
MIP search method: dynamic search.
Parallel mode: deterministic, using up to 4 threads.
Root relaxation solution time = 0.00 sec. (0.16 ticks)

        Nodes                                         Cuts/
   Node  Left     Objective  IInf  Best Integer    Best Bound    ItCnt     Gap

*     0+    0                          210.3675      301.6268            43.38%
*     0     0      integral     0      214.3675      214.3675       26    0.00%
Elapsed time = 0.01 sec. (0.96 ticks, tree = 0.00 MB, solutions = 2)

Root node processing (before b&c):
  Real time             =    0.01 sec. (0.96 ticks)
Parallel b&c, 4 threads:
  Real time             =    0.00 sec. (0.00 ticks)
  Sync time (average)   =    0.00 sec.
  Wait time (average)   =    0.00 sec.
                          ------------
Total (root+branch&cut) =    0.01 sec. (0.96 ticks)
The objective value (MIP) = 214.368  Optimal
Alpha1_1: 29.8635, Alpha2_1: 32.7575
Elaspsed Time: 0.0866227sec.
Version identifier: 12.10.0.0 | 2019-11-26 | 843d4de

Iteration log . . .
Iteration:     1   Dual objective     =           207.705266
The objective value (MAIN) = 208.983

Version identifier: 12.10.0.0 | 2019-11-26 | 843d4de
CPXPARAM_Threads                                 4
CPXPARAM_TimeLimit                               600
Found incumbent of value 147.840408 after 0.00 sec. (0.02 ticks)
Tried aggregator 2 times.
MIP Presolve eliminated 174 rows and 71 columns.
MIP Presolve modified 91 coefficients.
Aggregator did 5 substitutions.
Reduced MIP has 117 rows, 56 columns, and 345 nonzeros.
Reduced MIP has 56 binaries, 0 generals, 0 SOSs, and 0 indicators.
Presolve time = 0.00 sec. (0.60 ticks)
Probing time = 0.00 sec. (0.06 ticks)
Tried aggregator 1 time.
Detecting symmetries...
Reduced MIP has 117 rows, 56 columns, and 345 nonzeros.
Reduced MIP has 56 binaries, 0 generals, 0 SOSs, and 0 indicators.
Presolve time = 0.00 sec. (0.28 ticks)
Probing time = 0.00 sec. (0.06 ticks)
Clique table members: 171.
MIP emphasis: balance optimality and feasibility.
MIP search method: dynamic search.
Parallel mode: deterministic, using up to 4 threads.
Root relaxation solution time = 0.00 sec. (0.34 ticks)

        Nodes                                         Cuts/
   Node  Left     Objective  IInf  Best Integer    Best Bound    ItCnt     Gap

*     0+    0                          147.8404      243.5783            64.76%
*     0     0      integral     0      152.1002      152.1002       42    0.00%
Elapsed time = 0.01 sec. (1.57 ticks, tree = 0.00 MB, solutions = 2)

Root node processing (before b&c):
  Real time             =    0.01 sec. (1.58 ticks)
Parallel b&c, 4 threads:
  Real time             =    0.00 sec. (0.00 ticks)
  Sync time (average)   =    0.00 sec.
  Wait time (average)   =    0.00 sec.
                          ------------
Total (root+branch&cut) =    0.01 sec. (1.58 ticks)
The objective value (MIP) = 152.1  Optimal
Alpha1_0: 24.492, Alpha2_0: 38.794
Version identifier: 12.10.0.0 | 2019-11-26 | 843d4de
CPXPARAM_Threads                                 4
CPXPARAM_TimeLimit                               600
Found incumbent of value 207.251969 after 0.00 sec. (0.02 ticks)
Tried aggregator 2 times.
MIP Presolve eliminated 174 rows and 71 columns.
MIP Presolve modified 91 coefficients.
Aggregator did 5 substitutions.
Reduced MIP has 117 rows, 56 columns, and 345 nonzeros.
Reduced MIP has 56 binaries, 0 generals, 0 SOSs, and 0 indicators.
Presolve time = 0.00 sec. (0.60 ticks)
Probing time = 0.00 sec. (0.06 ticks)
Tried aggregator 1 time.
Detecting symmetries...
Reduced MIP has 117 rows, 56 columns, and 345 nonzeros.
Reduced MIP has 56 binaries, 0 generals, 0 SOSs, and 0 indicators.
Presolve time = 0.00 sec. (0.28 ticks)
Probing time = 0.00 sec. (0.06 ticks)
Clique table members: 171.
MIP emphasis: balance optimality and feasibility.
MIP search method: dynamic search.
Parallel mode: deterministic, using up to 4 threads.
Root relaxation solution time = 0.00 sec. (0.34 ticks)

        Nodes                                         Cuts/
   Node  Left     Objective  IInf  Best Integer    Best Bound    ItCnt     Gap

*     0+    0                          207.2520      302.9898            46.19%
*     0     0      integral     0      211.5118      211.5118       42    0.00%
Elapsed time = 0.01 sec. (1.57 ticks, tree = 0.00 MB, solutions = 2)

Root node processing (before b&c):
  Real time             =    0.01 sec. (1.58 ticks)
Parallel b&c, 4 threads:
  Real time             =    0.00 sec. (0.00 ticks)
  Sync time (average)   =    0.00 sec.
  Wait time (average)   =    0.00 sec.
                          ------------
Total (root+branch&cut) =    0.01 sec. (1.58 ticks)
The objective value (MIP) = 211.512  Optimal
Alpha1_1: 24.492, Alpha2_1: 38.794
Elaspsed Time: 0.106067sec.
Version identifier: 12.10.0.0 | 2019-11-26 | 843d4de

Iteration log . . .
Iteration:     1   Dual objective     =           209.075244
The objective value (MAIN) = 209.388

Version identifier: 12.10.0.0 | 2019-11-26 | 843d4de
CPXPARAM_Threads                                 4
CPXPARAM_TimeLimit                               600
Found incumbent of value 146.436483 after 0.00 sec. (0.02 ticks)
Tried aggregator 2 times.
MIP Presolve eliminated 174 rows and 71 columns.
MIP Presolve modified 91 coefficients.
Aggregator did 5 substitutions.
Reduced MIP has 117 rows, 56 columns, and 345 nonzeros.
Reduced MIP has 56 binaries, 0 generals, 0 SOSs, and 0 indicators.
Presolve time = 0.00 sec. (0.60 ticks)
Probing time = 0.00 sec. (0.06 ticks)
Tried aggregator 1 time.
Detecting symmetries...
Reduced MIP has 117 rows, 56 columns, and 345 nonzeros.
Reduced MIP has 56 binaries, 0 generals, 0 SOSs, and 0 indicators.
Presolve time = 0.00 sec. (0.28 ticks)
Probing time = 0.00 sec. (0.06 ticks)
Clique table members: 171.
MIP emphasis: balance optimality and feasibility.
MIP search method: dynamic search.
Parallel mode: deterministic, using up to 4 threads.
Root relaxation solution time = 0.00 sec. (0.26 ticks)

        Nodes                                         Cuts/
   Node  Left     Objective  IInf  Best Integer    Best Bound    ItCnt     Gap

*     0+    0                          146.4365      240.7347            64.40%
*     0     0      integral     0      151.3824      151.3824       36    0.00%
Elapsed time = 0.01 sec. (1.49 ticks, tree = 0.00 MB, solutions = 2)

Root node processing (before b&c):
  Real time             =    0.01 sec. (1.49 ticks)
Parallel b&c, 4 threads:
  Real time             =    0.00 sec. (0.00 ticks)
  Sync time (average)   =    0.00 sec.
  Wait time (average)   =    0.00 sec.
                          ------------
Total (root+branch&cut) =    0.01 sec. (1.49 ticks)
The objective value (MIP) = 151.382  Optimal
Alpha1_0: 40.6985, Alpha2_0: 25.4475
Version identifier: 12.10.0.0 | 2019-11-26 | 843d4de
CPXPARAM_Threads                                 4
CPXPARAM_TimeLimit                               600
Found incumbent of value 206.903719 after 0.00 sec. (0.02 ticks)
Tried aggregator 2 times.
MIP Presolve eliminated 174 rows and 71 columns.
MIP Presolve modified 91 coefficients.
Aggregator did 5 substitutions.
Reduced MIP has 117 rows, 56 columns, and 345 nonzeros.
Reduced MIP has 56 binaries, 0 generals, 0 SOSs, and 0 indicators.
Presolve time = 0.00 sec. (0.60 ticks)
Probing time = 0.00 sec. (0.06 ticks)
Tried aggregator 1 time.
Detecting symmetries...
Reduced MIP has 117 rows, 56 columns, and 345 nonzeros.
Reduced MIP has 56 binaries, 0 generals, 0 SOSs, and 0 indicators.
Presolve time = 0.00 sec. (0.28 ticks)
Probing time = 0.00 sec. (0.06 ticks)
Clique table members: 171.
MIP emphasis: balance optimality and feasibility.
MIP search method: dynamic search.
Parallel mode: deterministic, using up to 4 threads.
Root relaxation solution time = 0.00 sec. (0.26 ticks)

        Nodes                                         Cuts/
   Node  Left     Objective  IInf  Best Integer    Best Bound    ItCnt     Gap

*     0+    0                          206.9037      301.2019            45.58%
*     0     0      integral     0      211.8496      211.8496       36    0.00%
Elapsed time = 0.01 sec. (1.49 ticks, tree = 0.00 MB, solutions = 2)

Root node processing (before b&c):
  Real time             =    0.01 sec. (1.49 ticks)
Parallel b&c, 4 threads:
  Real time             =    0.00 sec. (0.00 ticks)
  Sync time (average)   =    0.00 sec.
  Wait time (average)   =    0.00 sec.
                          ------------
Total (root+branch&cut) =    0.01 sec. (1.49 ticks)
The objective value (MIP) = 211.85  Optimal
Alpha1_1: 40.6985, Alpha2_1: 25.4475
Elaspsed Time: 0.123806sec.
Version identifier: 12.10.0.0 | 2019-11-26 | 843d4de

Iteration log . . .
Iteration:     1   Dual objective     =           209.564926
The objective value (MAIN) = 209.698

Version identifier: 12.10.0.0 | 2019-11-26 | 843d4de
CPXPARAM_Threads                                 4
CPXPARAM_TimeLimit                               600
Found incumbent of value 145.799817 after 0.00 sec. (0.01 ticks)
Tried aggregator 3 times.
MIP Presolve eliminated 119 rows and 76 columns.
MIP Presolve modified 42 coefficients.
Aggregator did 11 substitutions.
Reduced MIP has 100 rows, 45 columns, and 254 nonzeros.
Reduced MIP has 45 binaries, 0 generals, 0 SOSs, and 0 indicators.
Presolve time = 0.00 sec. (0.51 ticks)
Probing time = 0.00 sec. (0.04 ticks)
Tried aggregator 1 time.
Detecting symmetries...
Reduced MIP has 100 rows, 45 columns, and 254 nonzeros.
Reduced MIP has 45 binaries, 0 generals, 0 SOSs, and 0 indicators.
Presolve time = 0.00 sec. (0.20 ticks)
Probing time = 0.00 sec. (0.04 ticks)
Clique table members: 134.
MIP emphasis: balance optimality and feasibility.
MIP search method: dynamic search.
Parallel mode: deterministic, using up to 4 threads.
Root relaxation solution time = 0.00 sec. (0.19 ticks)

        Nodes                                         Cuts/
   Node  Left     Objective  IInf  Best Integer    Best Bound    ItCnt     Gap

*     0+    0                          145.7998      215.6769            47.93%
*     0     0      integral     0      150.6401      150.6401       30    0.00%
Elapsed time = 0.01 sec. (1.17 ticks, tree = 0.00 MB, solutions = 2)

Root node processing (before b&c):
  Real time             =    0.01 sec. (1.17 ticks)
Parallel b&c, 4 threads:
  Real time             =    0.00 sec. (0.00 ticks)
  Sync time (average)   =    0.00 sec.
  Wait time (average)   =    0.00 sec.
                          ------------
Total (root+branch&cut) =    0.01 sec. (1.17 ticks)
The objective value (MIP) = 150.64  Optimal
Alpha1_0: 31.626, Alpha2_0: 34.52
Version identifier: 12.10.0.0 | 2019-11-26 | 843d4de
CPXPARAM_Threads                                 4
CPXPARAM_TimeLimit                               600
Found incumbent of value 210.425194 after 0.00 sec. (0.01 ticks)
Tried aggregator 3 times.
MIP Presolve eliminated 119 rows and 76 columns.
MIP Presolve modified 42 coefficients.
Aggregator did 11 substitutions.
Reduced MIP has 100 rows, 45 columns, and 254 nonzeros.
Reduced MIP has 45 binaries, 0 generals, 0 SOSs, and 0 indicators.
Presolve time = 0.00 sec. (0.51 ticks)
Probing time = 0.00 sec. (0.04 ticks)
Tried aggregator 1 time.
Detecting symmetries...
Reduced MIP has 100 rows, 45 columns, and 254 nonzeros.
Reduced MIP has 45 binaries, 0 generals, 0 SOSs, and 0 indicators.
Presolve time = 0.00 sec. (0.20 ticks)
Probing time = 0.00 sec. (0.04 ticks)
Clique table members: 134.
MIP emphasis: balance optimality and feasibility.
MIP search method: dynamic search.
Parallel mode: deterministic, using up to 4 threads.
Root relaxation solution time = 0.00 sec. (0.19 ticks)

        Nodes                                         Cuts/
   Node  Left     Objective  IInf  Best Integer    Best Bound    ItCnt     Gap

*     0+    0                          210.4252      280.3023            33.21%
*     0     0      integral     0      215.2655      215.2655       30    0.00%
Elapsed time = 0.01 sec. (1.17 ticks, tree = 0.00 MB, solutions = 2)

Root node processing (before b&c):
  Real time             =    0.01 sec. (1.17 ticks)
Parallel b&c, 4 threads:
  Real time             =    0.00 sec. (0.00 ticks)
  Sync time (average)   =    0.00 sec.
  Wait time (average)   =    0.00 sec.
                          ------------
Total (root+branch&cut) =    0.01 sec. (1.17 ticks)
The objective value (MIP) = 215.266  Optimal
Alpha1_1: 31.626, Alpha2_1: 34.52
Elaspsed Time: 0.13964sec.
Version identifier: 12.10.0.0 | 2019-11-26 | 843d4de

Iteration log . . .
Iteration:     1   Dual objective     =           210.020073
The objective value (MAIN) = 210.7

Version identifier: 12.10.0.0 | 2019-11-26 | 843d4de
CPXPARAM_Threads                                 4
CPXPARAM_TimeLimit                               600
Found incumbent of value 149.860558 after 0.00 sec. (0.02 ticks)
Tried aggregator 2 times.
MIP Presolve eliminated 294 rows and 97 columns.
MIP Presolve modified 151 coefficients.
Aggregator did 7 substitutions.
Reduced MIP has 201 rows, 76 columns, and 582 nonzeros.
Reduced MIP has 76 binaries, 0 generals, 0 SOSs, and 0 indicators.
Presolve time = 0.00 sec. (1.09 ticks)
Probing time = 0.00 sec. (0.09 ticks)
Tried aggregator 1 time.
Detecting symmetries...
Reduced MIP has 201 rows, 76 columns, and 582 nonzeros.
Reduced MIP has 76 binaries, 0 generals, 0 SOSs, and 0 indicators.
Presolve time = 0.00 sec. (0.51 ticks)
Probing time = 0.00 sec. (0.09 ticks)
Clique table members: 291.
MIP emphasis: balance optimality and feasibility.
MIP search method: dynamic search.
Parallel mode: deterministic, using up to 4 threads.
Root relaxation solution time = 0.00 sec. (0.60 ticks)

        Nodes                                         Cuts/
   Node  Left     Objective  IInf  Best Integer    Best Bound    ItCnt     Gap

*     0+    0                          149.8606      243.6199            62.56%
*     0     0      integral     0      154.2434      154.2434       57    0.00%
Elapsed time = 0.01 sec. (2.77 ticks, tree = 0.00 MB, solutions = 2)

Root node processing (before b&c):
  Real time             =    0.01 sec. (2.78 ticks)
Parallel b&c, 4 threads:
  Real time             =    0.00 sec. (0.00 ticks)
  Sync time (average)   =    0.00 sec.
  Wait time (average)   =    0.00 sec.
                          ------------
Total (root+branch&cut) =    0.01 sec. (2.78 ticks)
The objective value (MIP) = 154.243  Optimal
Alpha1_0: 33.844, Alpha2_0: 39.332
Version identifier: 12.10.0.0 | 2019-11-26 | 843d4de
CPXPARAM_Threads                                 4
CPXPARAM_TimeLimit                               600
Found incumbent of value 210.150413 after 0.00 sec. (0.02 ticks)
Tried aggregator 2 times.
MIP Presolve eliminated 294 rows and 97 columns.
MIP Presolve modified 151 coefficients.
Aggregator did 7 substitutions.
Reduced MIP has 201 rows, 76 columns, and 582 nonzeros.
Reduced MIP has 76 binaries, 0 generals, 0 SOSs, and 0 indicators.
Presolve time = 0.00 sec. (1.09 ticks)
Probing time = 0.00 sec. (0.09 ticks)
Tried aggregator 1 time.
Detecting symmetries...
Reduced MIP has 201 rows, 76 columns, and 582 nonzeros.
Reduced MIP has 76 binaries, 0 generals, 0 SOSs, and 0 indicators.
Presolve time = 0.00 sec. (0.51 ticks)
Probing time = 0.00 sec. (0.09 ticks)
Clique table members: 291.
MIP emphasis: balance optimality and feasibility.
MIP search method: dynamic search.
Parallel mode: deterministic, using up to 4 threads.
Root relaxation solution time = 0.00 sec. (0.60 ticks)

        Nodes                                         Cuts/
   Node  Left     Objective  IInf  Best Integer    Best Bound    ItCnt     Gap

*     0+    0                          210.1504      303.9098            44.62%
*     0     0      integral     0      214.5332      214.5332       57    0.00%
Elapsed time = 0.01 sec. (2.77 ticks, tree = 0.00 MB, solutions = 2)

Root node processing (before b&c):
  Real time             =    0.01 sec. (2.78 ticks)
Parallel b&c, 4 threads:
  Real time             =    0.00 sec. (0.00 ticks)
  Sync time (average)   =    0.00 sec.
  Wait time (average)   =    0.00 sec.
                          ------------
Total (root+branch&cut) =    0.01 sec. (2.78 ticks)
The objective value (MIP) = 214.533  Optimal
Alpha1_1: 33.844, Alpha2_1: 39.332
Elaspsed Time: 0.161931sec.
Version identifier: 12.10.0.0 | 2019-11-26 | 843d4de

Iteration log . . .
Iteration:     1   Dual objective     =           210.778361
The objective value (MAIN) = 210.779

Version identifier: 12.10.0.0 | 2019-11-26 | 843d4de
CPXPARAM_Threads                                 4
CPXPARAM_TimeLimit                               600
Found incumbent of value 150.812922 after 0.00 sec. (0.02 ticks)
Tried aggregator 2 times.
MIP Presolve eliminated 287 rows and 102 columns.
MIP Presolve modified 139 coefficients.
Aggregator did 9 substitutions.
Reduced MIP has 194 rows, 75 columns, and 555 nonzeros.
Reduced MIP has 75 binaries, 0 generals, 0 SOSs, and 0 indicators.
Presolve time = 0.00 sec. (1.06 ticks)
Probing time = 0.00 sec. (0.09 ticks)
Tried aggregator 1 time.
Detecting symmetries...
Reduced MIP has 194 rows, 75 columns, and 555 nonzeros.
Reduced MIP has 75 binaries, 0 generals, 0 SOSs, and 0 indicators.
Presolve time = 0.00 sec. (0.49 ticks)
Probing time = 0.00 sec. (0.09 ticks)
Clique table members: 276.
MIP emphasis: balance optimality and feasibility.
MIP search method: dynamic search.
Parallel mode: deterministic, using up to 4 threads.
Root relaxation solution time = 0.00 sec. (0.67 ticks)

        Nodes                                         Cuts/
   Node  Left     Objective  IInf  Best Integer    Best Bound    ItCnt     Gap

*     0+    0                          150.8129      246.1971            63.25%
*     0     0      integral     0      154.8251      154.8251       64    0.00%
Elapsed time = 0.01 sec. (2.76 ticks, tree = 0.00 MB, solutions = 2)

Root node processing (before b&c):
  Real time             =    0.01 sec. (2.77 ticks)
Parallel b&c, 4 threads:
  Real time             =    0.00 sec. (0.00 ticks)
  Sync time (average)   =    0.00 sec.
  Wait time (average)   =    0.00 sec.
                          ------------
Total (root+branch&cut) =    0.01 sec. (2.77 ticks)
The objective value (MIP) = 154.825  Optimal
Alpha1_0: 35.4885, Alpha2_0: 31.9775
Version identifier: 12.10.0.0 | 2019-11-26 | 843d4de
CPXPARAM_Threads                                 4
CPXPARAM_TimeLimit                               600
Found incumbent of value 209.800977 after 0.00 sec. (0.02 ticks)
Tried aggregator 2 times.
MIP Presolve eliminated 287 rows and 102 columns.
MIP Presolve modified 139 coefficients.
Aggregator did 9 substitutions.
Reduced MIP has 194 rows, 75 columns, and 555 nonzeros.
Reduced MIP has 75 binaries, 0 generals, 0 SOSs, and 0 indicators.
Presolve time = 0.00 sec. (1.06 ticks)
Probing time = 0.00 sec. (0.09 ticks)
Tried aggregator 1 time.
Detecting symmetries...
Reduced MIP has 194 rows, 75 columns, and 555 nonzeros.
Reduced MIP has 75 binaries, 0 generals, 0 SOSs, and 0 indicators.
Presolve time = 0.00 sec. (0.49 ticks)
Probing time = 0.00 sec. (0.09 ticks)
Clique table members: 276.
MIP emphasis: balance optimality and feasibility.
MIP search method: dynamic search.
Parallel mode: deterministic, using up to 4 threads.
Root relaxation solution time = 0.00 sec. (0.67 ticks)

        Nodes                                         Cuts/
   Node  Left     Objective  IInf  Best Integer    Best Bound    ItCnt     Gap

*     0+    0                          209.8010      305.1851            45.46%
*     0     0      integral     0      213.8132      213.8132       64    0.00%
Elapsed time = 0.01 sec. (2.76 ticks, tree = 0.00 MB, solutions = 2)

Root node processing (before b&c):
  Real time             =    0.01 sec. (2.77 ticks)
Parallel b&c, 4 threads:
  Real time             =    0.00 sec. (0.00 ticks)
  Sync time (average)   =    0.00 sec.
  Wait time (average)   =    0.00 sec.
                          ------------
Total (root+branch&cut) =    0.01 sec. (2.77 ticks)
The objective value (MIP) = 213.813  Optimal
Alpha1_1: 35.4885, Alpha2_1: 31.9775
Elaspsed Time: 0.18319sec.
Version identifier: 12.10.0.0 | 2019-11-26 | 843d4de

Iteration log . . .
Iteration:     1   Dual objective     =           210.789766
The objective value (MAIN) = 211.023

Version identifier: 12.10.0.0 | 2019-11-26 | 843d4de
CPXPARAM_Threads                                 4
CPXPARAM_TimeLimit                               600
Found incumbent of value 148.369159 after 0.00 sec. (0.02 ticks)
Tried aggregator 2 times.
MIP Presolve eliminated 292 rows and 105 columns.
MIP Presolve modified 152 coefficients.
Aggregator did 9 substitutions.
Reduced MIP has 211 rows, 78 columns, and 598 nonzeros.
Reduced MIP has 78 binaries, 0 generals, 0 SOSs, and 0 indicators.
Presolve time = 0.00 sec. (1.13 ticks)
Probing time = 0.00 sec. (0.10 ticks)
Tried aggregator 1 time.
Detecting symmetries...
Reduced MIP has 211 rows, 78 columns, and 598 nonzeros.
Reduced MIP has 78 binaries, 0 generals, 0 SOSs, and 0 indicators.
Presolve time = 0.00 sec. (0.54 ticks)
Probing time = 0.00 sec. (0.09 ticks)
Clique table members: 299.
MIP emphasis: balance optimality and feasibility.
MIP search method: dynamic search.
Parallel mode: deterministic, using up to 4 threads.
Root relaxation solution time = 0.00 sec. (0.70 ticks)

        Nodes                                         Cuts/
   Node  Left     Objective  IInf  Best Integer    Best Bound    ItCnt     Gap

*     0+    0                          148.3692      240.2857            61.95%
*     0     0      integral     0      152.7501      152.7501       64    0.00%
Elapsed time = 0.01 sec. (2.96 ticks, tree = 0.00 MB, solutions = 2)

Root node processing (before b&c):
  Real time             =    0.01 sec. (2.97 ticks)
Parallel b&c, 4 threads:
  Real time             =    0.00 sec. (0.00 ticks)
  Sync time (average)   =    0.00 sec.
  Wait time (average)   =    0.00 sec.
                          ------------
Total (root+branch&cut) =    0.01 sec. (2.97 ticks)
The objective value (MIP) = 152.75  Optimal
Alpha1_0: 36.5465, Alpha2_0: 36.6295
Version identifier: 12.10.0.0 | 2019-11-26 | 843d4de
CPXPARAM_Threads                                 4
CPXPARAM_TimeLimit                               600
Found incumbent of value 209.122953 after 0.00 sec. (0.02 ticks)
Tried aggregator 2 times.
MIP Presolve eliminated 292 rows and 105 columns.
MIP Presolve modified 152 coefficients.
Aggregator did 9 substitutions.
Reduced MIP has 211 rows, 78 columns, and 598 nonzeros.
Reduced MIP has 78 binaries, 0 generals, 0 SOSs, and 0 indicators.
Presolve time = 0.00 sec. (1.13 ticks)
Probing time = 0.00 sec. (0.10 ticks)
Tried aggregator 1 time.
Detecting symmetries...
Reduced MIP has 211 rows, 78 columns, and 598 nonzeros.
Reduced MIP has 78 binaries, 0 generals, 0 SOSs, and 0 indicators.
Presolve time = 0.00 sec. (0.54 ticks)
Probing time = 0.00 sec. (0.09 ticks)
Clique table members: 299.
MIP emphasis: balance optimality and feasibility.
MIP search method: dynamic search.
Parallel mode: deterministic, using up to 4 threads.
Root relaxation solution time = 0.00 sec. (0.70 ticks)

        Nodes                                         Cuts/
   Node  Left     Objective  IInf  Best Integer    Best Bound    ItCnt     Gap

*     0+    0                          209.1230      301.0395            43.95%
*     0     0      integral     0      213.5039      213.5039       64    0.00%
Elapsed time = 0.01 sec. (2.96 ticks, tree = 0.00 MB, solutions = 2)

Root node processing (before b&c):
  Real time             =    0.01 sec. (2.97 ticks)
Parallel b&c, 4 threads:
  Real time             =    0.00 sec. (0.00 ticks)
  Sync time (average)   =    0.00 sec.
  Wait time (average)   =    0.00 sec.
                          ------------
Total (root+branch&cut) =    0.01 sec. (2.97 ticks)
The objective value (MIP) = 213.504  Optimal
Alpha1_1: 36.5465, Alpha2_1: 36.6295
Elaspsed Time: 0.204636sec.
Version identifier: 12.10.0.0 | 2019-11-26 | 843d4de

Iteration log . . .
Iteration:     1   Dual objective     =           211.082450
The objective value (MAIN) = 211.124

Version identifier: 12.10.0.0 | 2019-11-26 | 843d4de
CPXPARAM_Threads                                 4
CPXPARAM_TimeLimit                               600
Found incumbent of value 149.764681 after 0.00 sec. (0.03 ticks)
Tried aggregator 2 times.
MIP Presolve eliminated 367 rows and 106 columns.
MIP Presolve modified 203 coefficients.
Aggregator did 7 substitutions.
Reduced MIP has 256 rows, 85 columns, and 752 nonzeros.
Reduced MIP has 85 binaries, 0 generals, 0 SOSs, and 0 indicators.
Presolve time = 0.00 sec. (1.41 ticks)
Probing time = 0.00 sec. (0.12 ticks)
Tried aggregator 1 time.
Detecting symmetries...
Reduced MIP has 256 rows, 85 columns, and 752 nonzeros.
Reduced MIP has 85 binaries, 0 generals, 0 SOSs, and 0 indicators.
Presolve time = 0.00 sec. (0.72 ticks)
Probing time = 0.00 sec. (0.12 ticks)
Clique table members: 378.
MIP emphasis: balance optimality and feasibility.
MIP search method: dynamic search.
Parallel mode: deterministic, using up to 4 threads.
Root relaxation solution time = 0.00 sec. (1.52 ticks)

        Nodes                                         Cuts/
   Node  Left     Objective  IInf  Best Integer    Best Bound    ItCnt     Gap

*     0+    0                          149.7647      246.8551            64.83%
      0     0      153.7318    45      149.7647      153.7318       97    2.65%
*     0+    0                          152.2052      153.7318             1.00%
*     0     0      integral     0      153.6524       Cuts: 7      100    0.00%
      0     0        cutoff            153.6524      153.6524      100    0.00%
Elapsed time = 0.03 sec. (7.10 ticks, tree = 0.01 MB, solutions = 3)

Clique cuts applied:  2
Gomory fractional cuts applied:  1

Root node processing (before b&c):
  Real time             =    0.03 sec. (7.11 ticks)
Parallel b&c, 4 threads:
  Real time             =    0.00 sec. (0.00 ticks)
  Sync time (average)   =    0.00 sec.
  Wait time (average)   =    0.00 sec.
                          ------------
Total (root+branch&cut) =    0.03 sec. (7.11 ticks)
The objective value (MIP) = 153.652  Optimal
Alpha1_0: 37.0665, Alpha2_0: 36.1095
Version identifier: 12.10.0.0 | 2019-11-26 | 843d4de
CPXPARAM_Threads                                 4
CPXPARAM_TimeLimit                               600
Found incumbent of value 208.268519 after 0.00 sec. (0.03 ticks)
Tried aggregator 2 times.
MIP Presolve eliminated 367 rows and 106 columns.
MIP Presolve modified 203 coefficients.
Aggregator did 7 substitutions.
Reduced MIP has 256 rows, 85 columns, and 752 nonzeros.
Reduced MIP has 85 binaries, 0 generals, 0 SOSs, and 0 indicators.
Presolve time = 0.00 sec. (1.41 ticks)
Probing time = 0.00 sec. (0.12 ticks)
Tried aggregator 1 time.
Detecting symmetries...
Reduced MIP has 256 rows, 85 columns, and 752 nonzeros.
Reduced MIP has 85 binaries, 0 generals, 0 SOSs, and 0 indicators.
Presolve time = 0.00 sec. (0.72 ticks)
Probing time = 0.00 sec. (0.12 ticks)
Clique table members: 378.
MIP emphasis: balance optimality and feasibility.
MIP search method: dynamic search.
Parallel mode: deterministic, using up to 4 threads.
Root relaxation solution time = 0.00 sec. (1.52 ticks)

        Nodes                                         Cuts/
   Node  Left     Objective  IInf  Best Integer    Best Bound    ItCnt     Gap

*     0+    0                          208.2685      305.3589            46.62%
      0     0      212.2356    45      208.2685      212.2356       97    1.90%
*     0+    0                          210.7091      212.2356             0.72%
*     0     0      integral     0      212.1563       Cuts: 7      100    0.00%
      0     0        cutoff            212.1563      212.1563      100    0.00%
Elapsed time = 0.03 sec. (7.10 ticks, tree = 0.01 MB, solutions = 3)

Clique cuts applied:  2
Gomory fractional cuts applied:  1

Root node processing (before b&c):
  Real time             =    0.03 sec. (7.11 ticks)
Parallel b&c, 4 threads:
  Real time             =    0.00 sec. (0.00 ticks)
  Sync time (average)   =    0.00 sec.
  Wait time (average)   =    0.00 sec.
                          ------------
Total (root+branch&cut) =    0.03 sec. (7.11 ticks)
The objective value (MIP) = 212.156  Optimal
Alpha1_1: 37.0665, Alpha2_1: 36.1095
Elaspsed Time: 0.266802sec.
Version identifier: 12.10.0.0 | 2019-11-26 | 843d4de

Iteration log . . .
Iteration:     1   Dual objective     =           211.143855
The objective value (MAIN) = 211.158

Version identifier: 12.10.0.0 | 2019-11-26 | 843d4de
CPXPARAM_Threads                                 4
CPXPARAM_TimeLimit                               600
Found incumbent of value 151.358351 after 0.00 sec. (0.02 ticks)
Tried aggregator 2 times.
MIP Presolve eliminated 311 rows and 92 columns.
MIP Presolve modified 175 coefficients.
Aggregator did 5 substitutions.
Reduced MIP has 210 rows, 77 columns, and 629 nonzeros.
Reduced MIP has 77 binaries, 0 generals, 0 SOSs, and 0 indicators.
Presolve time = 0.00 sec. (1.14 ticks)
Probing time = 0.00 sec. (0.10 ticks)
Tried aggregator 1 time.
Detecting symmetries...
Reduced MIP has 210 rows, 77 columns, and 629 nonzeros.
Reduced MIP has 77 binaries, 0 generals, 0 SOSs, and 0 indicators.
Presolve time = 0.00 sec. (0.57 ticks)
Probing time = 0.00 sec. (0.10 ticks)
Clique table members: 316.
MIP emphasis: balance optimality and feasibility.
MIP search method: dynamic search.
Parallel mode: deterministic, using up to 4 threads.
Root relaxation solution time = 0.00 sec. (0.80 ticks)

        Nodes                                         Cuts/
   Node  Left     Objective  IInf  Best Integer    Best Bound    ItCnt     Gap

*     0+    0                          151.3584      250.6692            65.61%
*     0     0      integral     0      155.6042      155.6042       72    0.00%
Elapsed time = 0.01 sec. (3.14 ticks, tree = 0.00 MB, solutions = 2)

Root node processing (before b&c):
  Real time             =    0.01 sec. (3.14 ticks)
Parallel b&c, 4 threads:
  Real time             =    0.00 sec. (0.00 ticks)
  Sync time (average)   =    0.00 sec.
  Wait time (average)   =    0.00 sec.
                          ------------
Total (root+branch&cut) =    0.01 sec. (3.14 ticks)
The objective value (MIP) = 155.604  Optimal
Alpha1_0: 33.3985, Alpha2_0: 29.8875
Version identifier: 12.10.0.0 | 2019-11-26 | 843d4de
CPXPARAM_Threads                                 4
CPXPARAM_TimeLimit                               600
Found incumbent of value 209.453872 after 0.00 sec. (0.02 ticks)
Tried aggregator 2 times.
MIP Presolve eliminated 311 rows and 92 columns.
MIP Presolve modified 175 coefficients.
Aggregator did 5 substitutions.
Reduced MIP has 210 rows, 77 columns, and 629 nonzeros.
Reduced MIP has 77 binaries, 0 generals, 0 SOSs, and 0 indicators.
Presolve time = 0.00 sec. (1.14 ticks)
Probing time = 0.00 sec. (0.10 ticks)
Tried aggregator 1 time.
Detecting symmetries...
Reduced MIP has 210 rows, 77 columns, and 629 nonzeros.
Reduced MIP has 77 binaries, 0 generals, 0 SOSs, and 0 indicators.
Presolve time = 0.00 sec. (0.57 ticks)
Probing time = 0.00 sec. (0.10 ticks)
Clique table members: 316.
MIP emphasis: balance optimality and feasibility.
MIP search method: dynamic search.
Parallel mode: deterministic, using up to 4 threads.
Root relaxation solution time = 0.00 sec. (0.80 ticks)

        Nodes                                         Cuts/
   Node  Left     Objective  IInf  Best Integer    Best Bound    ItCnt     Gap

*     0+    0                          209.4539      308.7648            47.41%
*     0     0      integral     0      213.6997      213.6997       72    0.00%
Elapsed time = 0.01 sec. (3.14 ticks, tree = 0.00 MB, solutions = 2)

Root node processing (before b&c):
  Real time             =    0.01 sec. (3.14 ticks)
Parallel b&c, 4 threads:
  Real time             =    0.00 sec. (0.00 ticks)
  Sync time (average)   =    0.00 sec.
  Wait time (average)   =    0.00 sec.
                          ------------
Total (root+branch&cut) =    0.01 sec. (3.14 ticks)
The objective value (MIP) = 213.7  Optimal
Alpha1_1: 33.3985, Alpha2_1: 29.8875
Elaspsed Time: 0.288894sec.
Version identifier: 12.10.0.0 | 2019-11-26 | 843d4de

Iteration log . . .
Iteration:     1   Dual objective     =           211.174506
The objective value (MAIN) = 211.186

Version identifier: 12.10.0.0 | 2019-11-26 | 843d4de
CPXPARAM_Threads                                 4
CPXPARAM_TimeLimit                               600
Found incumbent of value 149.641571 after 0.00 sec. (0.03 ticks)
Tried aggregator 2 times.
MIP Presolve eliminated 388 rows and 109 columns.
MIP Presolve modified 217 coefficients.
Aggregator did 7 substitutions.
Reduced MIP has 271 rows, 88 columns, and 798 nonzeros.
Reduced MIP has 88 binaries, 0 generals, 0 SOSs, and 0 indicators.
Presolve time = 0.00 sec. (1.51 ticks)
Probing time = 0.00 sec. (0.13 ticks)
Tried aggregator 1 time.
Detecting symmetries...
Reduced MIP has 271 rows, 88 columns, and 798 nonzeros.
Reduced MIP has 88 binaries, 0 generals, 0 SOSs, and 0 indicators.
Presolve time = 0.00 sec. (0.78 ticks)
Probing time = 0.00 sec. (0.13 ticks)
Clique table members: 399.
MIP emphasis: balance optimality and feasibility.
MIP search method: dynamic search.
Parallel mode: deterministic, using up to 4 threads.
Root relaxation solution time = 0.00 sec. (1.29 ticks)

        Nodes                                         Cuts/
   Node  Left     Objective  IInf  Best Integer    Best Bound    ItCnt     Gap

*     0+    0                          149.6416      245.0080            63.73%
      0     0      153.3941    42      149.6416      153.3941       88    2.51%
*     0+    0                          153.2883      153.3941             0.07%
*     0     0      integral     0      153.3643      153.3643       89    0.00%
Elapsed time = 0.02 sec. (6.12 ticks, tree = 0.01 MB, solutions = 3)

Root node processing (before b&c):
  Real time             =    0.02 sec. (6.13 ticks)
Parallel b&c, 4 threads:
  Real time             =    0.00 sec. (0.00 ticks)
  Sync time (average)   =    0.00 sec.
  Wait time (average)   =    0.00 sec.
                          ------------
Total (root+branch&cut) =    0.02 sec. (6.13 ticks)
The objective value (MIP) = 153.364  Optimal
Alpha1_0: 38.9065, Alpha2_0: 27.2395
Version identifier: 12.10.0.0 | 2019-11-26 | 843d4de
CPXPARAM_Threads                                 4
CPXPARAM_TimeLimit                               600
Found incumbent of value 208.551504 after 0.00 sec. (0.03 ticks)
Tried aggregator 2 times.
MIP Presolve eliminated 388 rows and 109 columns.
MIP Presolve modified 217 coefficients.
Aggregator did 7 substitutions.
Reduced MIP has 271 rows, 88 columns, and 798 nonzeros.
Reduced MIP has 88 binaries, 0 generals, 0 SOSs, and 0 indicators.
Presolve time = 0.00 sec. (1.51 ticks)
Probing time = 0.00 sec. (0.13 ticks)
Tried aggregator 1 time.
Detecting symmetries...
Reduced MIP has 271 rows, 88 columns, and 798 nonzeros.
Reduced MIP has 88 binaries, 0 generals, 0 SOSs, and 0 indicators.
Presolve time = 0.00 sec. (0.78 ticks)
Probing time = 0.00 sec. (0.13 ticks)
Clique table members: 399.
MIP emphasis: balance optimality and feasibility.
MIP search method: dynamic search.
Parallel mode: deterministic, using up to 4 threads.
Root relaxation solution time = 0.00 sec. (1.29 ticks)

        Nodes                                         Cuts/
   Node  Left     Objective  IInf  Best Integer    Best Bound    ItCnt     Gap

*     0+    0                          208.5515      303.9179            45.73%
      0     0      212.3041    42      208.5515      212.3041       88    1.80%
*     0+    0                          212.1982      212.3041             0.05%
*     0     0      integral     0      212.2742      212.2742       89    0.00%
Elapsed time = 0.02 sec. (6.12 ticks, tree = 0.01 MB, solutions = 3)

Root node processing (before b&c):
  Real time             =    0.02 sec. (6.13 ticks)
Parallel b&c, 4 threads:
  Real time             =    0.00 sec. (0.00 ticks)
  Sync time (average)   =    0.00 sec.
  Wait time (average)   =    0.00 sec.
                          ------------
Total (root+branch&cut) =    0.02 sec. (6.13 ticks)
The objective value (MIP) = 212.274  Optimal
Alpha1_1: 38.9065, Alpha2_1: 27.2395
Elaspsed Time: 0.340958sec.
Version identifier: 12.10.0.0 | 2019-11-26 | 843d4de

Iteration log . . .
Iteration:     1   Dual objective     =           211.195501
The objective value (MAIN) = 211.197

Version identifier: 12.10.0.0 | 2019-11-26 | 843d4de
CPXPARAM_Threads                                 4
CPXPARAM_TimeLimit                               600
Found incumbent of value 148.735568 after 0.00 sec. (0.03 ticks)
Tried aggregator 2 times.
MIP Presolve eliminated 388 rows and 109 columns.
MIP Presolve modified 217 coefficients.
Aggregator did 7 substitutions.
Reduced MIP has 271 rows, 88 columns, and 798 nonzeros.
Reduced MIP has 88 binaries, 0 generals, 0 SOSs, and 0 indicators.
Presolve time = 0.00 sec. (1.51 ticks)
Probing time = 0.00 sec. (0.13 ticks)
Tried aggregator 1 time.
Detecting symmetries...
Reduced MIP has 271 rows, 88 columns, and 798 nonzeros.
Reduced MIP has 88 binaries, 0 generals, 0 SOSs, and 0 indicators.
Presolve time = 0.00 sec. (0.78 ticks)
Probing time = 0.00 sec. (0.13 ticks)
Clique table members: 399.
MIP emphasis: balance optimality and feasibility.
MIP search method: dynamic search.
Parallel mode: deterministic, using up to 4 threads.
Root relaxation solution time = 0.00 sec. (1.22 ticks)

        Nodes                                         Cuts/
   Node  Left     Objective  IInf  Best Integer    Best Bound    ItCnt     Gap

*     0+    0                          148.7356      244.6119            64.46%
*     0     0      integral     0      152.7146      152.7146       94    0.00%
Elapsed time = 0.01 sec. (4.27 ticks, tree = 0.00 MB, solutions = 2)

Root node processing (before b&c):
  Real time             =    0.01 sec. (4.28 ticks)
Parallel b&c, 4 threads:
  Real time             =    0.00 sec. (0.00 ticks)
  Sync time (average)   =    0.00 sec.
  Wait time (average)   =    0.00 sec.
                          ------------
Total (root+branch&cut) =    0.01 sec. (4.28 ticks)
The objective value (MIP) = 152.715  Optimal
Alpha1_0: 26.0595, Alpha2_0: 37.2265
Version identifier: 12.10.0.0 | 2019-11-26 | 843d4de
CPXPARAM_Threads                                 4
CPXPARAM_TimeLimit                               600
Found incumbent of value 207.755500 after 0.00 sec. (0.03 ticks)
Tried aggregator 2 times.
MIP Presolve eliminated 388 rows and 109 columns.
MIP Presolve modified 217 coefficients.
Aggregator did 7 substitutions.
Reduced MIP has 271 rows, 88 columns, and 798 nonzeros.
Reduced MIP has 88 binaries, 0 generals, 0 SOSs, and 0 indicators.
Presolve time = 0.00 sec. (1.51 ticks)
Probing time = 0.00 sec. (0.13 ticks)
Tried aggregator 1 time.
Detecting symmetries...
Reduced MIP has 271 rows, 88 columns, and 798 nonzeros.
Reduced MIP has 88 binaries, 0 generals, 0 SOSs, and 0 indicators.
Presolve time = 0.00 sec. (0.78 ticks)
Probing time = 0.00 sec. (0.13 ticks)
Clique table members: 399.
MIP emphasis: balance optimality and feasibility.
MIP search method: dynamic search.
Parallel mode: deterministic, using up to 4 threads.
Root relaxation solution time = 0.00 sec. (1.22 ticks)

        Nodes                                         Cuts/
   Node  Left     Objective  IInf  Best Integer    Best Bound    ItCnt     Gap

*     0+    0                          207.7555      303.6319            46.15%
*     0     0      integral     0      211.7345      211.7345       94    0.00%
Elapsed time = 0.01 sec. (4.27 ticks, tree = 0.00 MB, solutions = 2)

Root node processing (before b&c):
  Real time             =    0.01 sec. (4.28 ticks)
Parallel b&c, 4 threads:
  Real time             =    0.00 sec. (0.00 ticks)
  Sync time (average)   =    0.00 sec.
  Wait time (average)   =    0.00 sec.
                          ------------
Total (root+branch&cut) =    0.01 sec. (4.28 ticks)
The objective value (MIP) = 211.735  Optimal
Alpha1_1: 26.0595, Alpha2_1: 37.2265
Elaspsed Time: 0.365661sec.
Version identifier: 12.10.0.0 | 2019-11-26 | 843d4de

Iteration log . . .
Iteration:     1   Dual objective     =           211.215329
The objective value (MAIN) = 211.218

Version identifier: 12.10.0.0 | 2019-11-26 | 843d4de
CPXPARAM_Threads                                 4
CPXPARAM_TimeLimit                               600
Found incumbent of value 147.959044 after 0.00 sec. (0.02 ticks)
Tried aggregator 2 times.
MIP Presolve eliminated 292 rows and 89 columns.
MIP Presolve modified 167 coefficients.
Aggregator did 5 substitutions.
Reduced MIP has 201 rows, 74 columns, and 599 nonzeros.
Reduced MIP has 74 binaries, 0 generals, 0 SOSs, and 0 indicators.
Presolve time = 0.00 sec. (1.08 ticks)
Probing time = 0.00 sec. (0.10 ticks)
Tried aggregator 1 time.
Detecting symmetries...
Reduced MIP has 201 rows, 74 columns, and 599 nonzeros.
Reduced MIP has 74 binaries, 0 generals, 0 SOSs, and 0 indicators.
Presolve time = 0.00 sec. (0.54 ticks)
Probing time = 0.00 sec. (0.10 ticks)
Clique table members: 301.
MIP emphasis: balance optimality and feasibility.
MIP search method: dynamic search.
Parallel mode: deterministic, using up to 4 threads.
Root relaxation solution time = 0.00 sec. (0.67 ticks)

        Nodes                                         Cuts/
   Node  Left     Objective  IInf  Best Integer    Best Bound    ItCnt     Gap

*     0+    0                          147.9590      244.1072            64.98%
      0     0      152.1813    24      147.9590      152.1813       60    2.85%
*     0+    0                          152.1072      152.1813             0.05%
      0     0        cutoff            152.1072                     60     --- 
Elapsed time = 0.01 sec. (3.41 ticks, tree = 0.01 MB, solutions = 2)

Root node processing (before b&c):
  Real time             =    0.01 sec. (3.42 ticks)
Parallel b&c, 4 threads:
  Real time             =    0.00 sec. (0.00 ticks)
  Sync time (average)   =    0.00 sec.
  Wait time (average)   =    0.00 sec.
                          ------------
Total (root+branch&cut) =    0.01 sec. (3.42 ticks)
The objective value (MIP) = 152.107  Optimal
Alpha1_0: 34.8285, Alpha2_0: 31.3175
Version identifier: 12.10.0.0 | 2019-11-26 | 843d4de
CPXPARAM_Threads                                 4
CPXPARAM_TimeLimit                               600
Found incumbent of value 207.070155 after 0.00 sec. (0.02 ticks)
Tried aggregator 2 times.
MIP Presolve eliminated 292 rows and 89 columns.
MIP Presolve modified 167 coefficients.
Aggregator did 5 substitutions.
Reduced MIP has 201 rows, 74 columns, and 599 nonzeros.
Reduced MIP has 74 binaries, 0 generals, 0 SOSs, and 0 indicators.
Presolve time = 0.00 sec. (1.08 ticks)
Probing time = 0.00 sec. (0.10 ticks)
Tried aggregator 1 time.
Detecting symmetries...
Reduced MIP has 201 rows, 74 columns, and 599 nonzeros.
Reduced MIP has 74 binaries, 0 generals, 0 SOSs, and 0 indicators.
Presolve time = 0.00 sec. (0.54 ticks)
Probing time = 0.00 sec. (0.10 ticks)
Clique table members: 301.
MIP emphasis: balance optimality and feasibility.
MIP search method: dynamic search.
Parallel mode: deterministic, using up to 4 threads.
Root relaxation solution time = 0.00 sec. (0.67 ticks)

        Nodes                                         Cuts/
   Node  Left     Objective  IInf  Best Integer    Best Bound    ItCnt     Gap

*     0+    0                          207.0702      303.2183            46.43%
      0     0      211.2924    24      207.0702      211.2924       60    2.04%
*     0+    0                          211.2183      211.2924             0.04%
      0     0        cutoff            211.2183                     60     --- 
Elapsed time = 0.01 sec. (3.41 ticks, tree = 0.01 MB, solutions = 2)

Root node processing (before b&c):
  Real time             =    0.01 sec. (3.42 ticks)
Parallel b&c, 4 threads:
  Real time             =    0.00 sec. (0.00 ticks)
  Sync time (average)   =    0.00 sec.
  Wait time (average)   =    0.00 sec.
                          ------------
Total (root+branch&cut) =    0.01 sec. (3.42 ticks)
The objective value (MIP) = 211.218  Optimal
Alpha1_1: 34.8285, Alpha2_1: 31.3175
45.6281
42.9045
41.1506
36.322
36.3521
25.3812
25.3523
23.5076
26.6068
24.1879
21.4908
29.8586
31.0989
21.4908
19.7558
29.7263
30.6781
29.7606
19.7558
22.6783
31.5052
29.5907
35.767
22.6783
18.2007
32.0144
32.2792
33.9518
18.2007
30.5708
31.9196
33.5838
37.9288
30.5708
18.1043
29.3726
31.3059
35.154
18.1043
21.5284
31.0854
34.9351
36.6443
21.5284
21.577
35.1642
35.4121
40.3471
21.577
24.8561
31.8368
36.5483
39.1689
24.8561
33.0593
35.134
19.2554
37.9098
37.938
19.2554
24.3711
36.4542
36.4678
36.9922
24.3711
44.6716
44.4126
44.4918
45.0447
44.6716
19.5455
55.1476
55.2042
54.813
19.5455
22.3894
54.6685
54.2544
49.1951
22.3894
21.6281
56.4377
50.7174
51.5476
21.6281
24.8292
48.818
49.2658
42.0601
24.8292
25.8258
55.3627
46.5972
45.3305
25.8258
20.6716
51.9771
49.6354
45.9095
20.6716
50.9909
37.6486
28.0684
38.0222
43.367
28.0684
27.9629
37.5208
42.382
43.7103
27.9629
27.4988
41.2479
42.5324
45.7012
27.4988
27.2211
41.7121
44.9055
45.3908
27.2211
33.4199
44.441
44.9332
49.2593
33.4199
29.5084
40.4942
44.3988
47.0354
29.5084
37.4893
41.696
44.3912
57.2262
37.4893
30.7145
38.8632
38.8489
43.4192
30.7145
33.7358
34.9345
39.4231
42.5674
33.7358
32.8765
35.9018
34.1763
28.9214
31.2886
34.1763
28.4292
30.2027
31.7463
30.7116
28.4292
30.5185
32.5561
31.1857
31.5935
30.5185
27.3046
32.7537
41.2645
36.5324
27.3046
31.0961
40.765
35.9658
38.9798
31.0961
29.5427
32.0694
35.0563
42.9538
29.5427
32.7697
32.6845
40.2006
41.063
32.7697
22.7554
26.7134
27.6402
28.1421
22.7554
15.0793
26.9548
26.8888
27.8126
15.0793
26.4375
25.9802
20.2586
32.7551
20.2586
20.8406
30.323
20.8406
20.8192
28.9
20.8192
35.9344
27.0926
35.9344
20.7922
36.7861
20.7922
21.6143
37.8503
21.6143
12.81
46.8537
12.81
13.6735
47.1019
13.6735
18.7076
48.8911
18.7076
49.8071
0
0.2
0
0.3
0
0.2
0
0
0
0.3
0
0
0
0
0
0.0222222
0.177778
0
0
0
0
0
0
0
0
0.3
0
0
0
0
0
0
0
0
0
0.2
0
0
0
0
0
0
0
0
0
0
0
0
0
0
0
0
0
0
0.3
0
0
0.0222222
0
0
0
0.0444444
0.133333
0
0
0
0.3
0
0
0
0
0
0
0
0
0
0
0
0.2
0
0
0
0
0
0
0
0
0
0
0
0
0
0
0
0
0
0
0
0.3
0
0
0
0
0.0666667
0
0
0
0.433333
0
0
0
0
0
0
0
0
0
0
0
0
0
0
0
0
0
0
0
0.2
0
0
0
0
0
0
0
0
0
0
0
0
0
0
0
0
0
0
0.233333
0.0666667
0
0
0.5
0
0
0
0
0
0
0
0
0
0
0
0
0
0
0
0
0
0.2
0
0
0
0
0
0
0
0
0
0
0
0
0
0
0
0
0
0
0
0.233333
0
0
0
0.0666667
0
0
0
0
0
0.5
0
0
0
0
0
0.2
0
0
0
0
0
0
0
0
0
0
0
0.233333
0
0
0.0666667
0
0
Elaspsed Time: 0.400599sec.
--------------------------------------------------
Number of iteration = 16
MIP iteration = 32

w = 211.218
v = 211.218
gap = 0

Total time: 0.400755 sec.
Time to solve MIPs: 0.362711 sec.
